<?xml version="1.0" encoding="UTF-8"?>
<robot generator="Robot 7.2.2 (Python 3.13.3 on win32)" generated="2025-05-21T14:20:53.334902" rpa="false" schemaversion="5">
<suite id="s1" name="Api Testing Login" source="C:\Users\maria\OneDrive\minha-pasta\Estágio\Sprint 5\Semana 10 - Base Testes Automatizados + Testes automatizados de APIs REST com Robot Framework\curso-RobotFramework\ApiTesting\Tarefa\tests\api_testing_login.robot">
<test id="s1-t1" name="Cenário 04: Logar com o novo usuário criado" line="5">
<kw name="Criar um usuário novo" owner="api_testing_login">
<kw name="Generate Random String" owner="String">
<msg time="2025-05-21T14:20:54.364090" level="INFO">${palavra_aleatoria} = YVij</msg>
<var>${palavra_aleatoria}</var>
<arg>length=4</arg>
<arg>chars=[LETTERS]</arg>
<doc>Generates a string with a desired ``length`` from the given ``chars``.</doc>
<status status="PASS" start="2025-05-21T14:20:54.363692" elapsed="0.000452"/>
</kw>
<kw name="Convert To Lower Case" owner="String">
<msg time="2025-05-21T14:20:54.364595" level="INFO">${palavra_aleatoria} = yvij</msg>
<var>${palavra_aleatoria}</var>
<arg>${palavra_aleatoria}</arg>
<doc>Converts string to lower case.</doc>
<status status="PASS" start="2025-05-21T14:20:54.364353" elapsed="0.000282"/>
</kw>
<kw name="Set Test Variable" owner="BuiltIn">
<msg time="2025-05-21T14:20:54.365610" level="INFO">${EMAIL_TESTE} = yvij@emailteste.com</msg>
<arg>${EMAIL_TESTE}</arg>
<arg>${palavra_aleatoria}@emailteste.com</arg>
<doc>Makes a variable available everywhere within the scope of the current test.</doc>
<status status="PASS" start="2025-05-21T14:20:54.364791" elapsed="0.000884"/>
</kw>
<kw name="Log" owner="BuiltIn">
<msg time="2025-05-21T14:20:54.365976" level="INFO">yvij@emailteste.com</msg>
<arg>${EMAIL_TESTE}</arg>
<doc>Logs the given message with the given level.</doc>
<status status="PASS" start="2025-05-21T14:20:54.365812" elapsed="0.000222"/>
</kw>
<status status="PASS" start="2025-05-21T14:20:54.362866" elapsed="0.003252"/>
</kw>
<kw name="Cadastrar o usuário criado na ServeRest" owner="api_testing_login">
<kw name="Create Dictionary" owner="BuiltIn">
<msg time="2025-05-21T14:20:54.367691" level="INFO">${body} = {'nome': 'Fulano da Silva', 'email': 'yvij@emailteste.com', 'password': '1234', 'administrador': 'true'}</msg>
<var>${body}</var>
<arg>nome=Fulano da Silva</arg>
<arg>email=${email}</arg>
<arg>password=1234</arg>
<arg>administrador=true</arg>
<doc>Creates and returns a dictionary based on the given ``items``.</doc>
<status status="PASS" start="2025-05-21T14:20:54.366958" elapsed="0.000773"/>
</kw>
<kw name="Log" owner="BuiltIn">
<msg time="2025-05-21T14:20:54.368032" level="INFO">{'nome': 'Fulano da Silva', 'email': 'yvij@emailteste.com', 'password': '1234', 'administrador': 'true'}</msg>
<arg>${body}</arg>
<doc>Logs the given message with the given level.</doc>
<status status="PASS" start="2025-05-21T14:20:54.367874" elapsed="0.000214"/>
</kw>
<kw name="Criar Sessão na ServeRest" owner="api_testing_login">
<kw name="Create Dictionary" owner="BuiltIn">
<msg time="2025-05-21T14:20:54.368738" level="INFO">${headers} = {'accept': 'application/json', 'Content-Type': 'application/json'}</msg>
<var>${headers}</var>
<arg>accept=application/json</arg>
<arg>Content-Type=application/json</arg>
<doc>Creates and returns a dictionary based on the given ``items``.</doc>
<status status="PASS" start="2025-05-21T14:20:54.368530" elapsed="0.000242"/>
</kw>
<kw name="Create Session" owner="RequestsLibrary">
<msg time="2025-05-21T14:20:54.369124" level="INFO">Creating Session using : alias=ServeRest, url=https://serverest.dev, headers={'accept': 'application/json', 'Content-Type': 'application/json'},                     cookies={}, auth=None, timeout=None, proxies=None, verify=False,                     debug=0 </msg>
<arg>alias=ServeRest</arg>
<arg>url=https://serverest.dev</arg>
<arg>headers=${headers}</arg>
<doc>Create Session: create a HTTP session to a server</doc>
<status status="PASS" start="2025-05-21T14:20:54.368903" elapsed="0.000464"/>
</kw>
<status status="PASS" start="2025-05-21T14:20:54.368255" elapsed="0.001204"/>
</kw>
<kw name="POST On Session" owner="RequestsLibrary">
<msg time="2025-05-21T14:20:54.877063" level="INFO">POST Request : url=https://serverest.dev/usuarios 
 path_url=/usuarios 
 headers={'User-Agent': 'python-requests/2.32.3', 'Accept-Encoding': 'gzip, deflate', 'accept': 'application/json', 'Connection': 'keep-alive', 'Content-Type': 'application/json', 'Content-Length': '104'} 
 body=b'{"nome": "Fulano da Silva", "email": "yvij@emailteste.com", "password": "1234", "administrador": "true"}' 
 </msg>
<msg time="2025-05-21T14:20:54.877191" level="INFO">POST Response : url=https://serverest.dev/usuarios 
 status=201, reason=Created 
 headers={'access-control-allow-origin': '*', 'x-dns-prefetch-control': 'off', 'x-frame-options': 'SAMEORIGIN', 'strict-transport-security': 'max-age=15552000; includeSubDomains', 'x-download-options': 'noopen', 'x-content-type-options': 'nosniff', 'x-xss-protection': '1; mode=block', 'content-type': 'application/json; charset=utf-8', 'x-cloud-trace-context': '3cc8a999566847a9bc4a2db39107a2bd', 'date': 'Wed, 21 May 2025 17:20:43 GMT', 'server': 'Google Frontend', 'Content-Length': '82'} 
 body={
    "message": "Cadastro realizado com sucesso",
    "_id": "wElS3hps3trClpSq"
} 
 </msg>
<msg time="2025-05-21T14:20:54.877280" level="INFO">C:\Program Files\Python313\Lib\site-packages\urllib3\connectionpool.py:1097: InsecureRequestWarning: Unverified HTTPS request is being made to host 'serverest.dev'. Adding certificate verification is strongly advised. See: https://urllib3.readthedocs.io/en/latest/advanced-usage.html#tls-warnings
  warnings.warn(</msg>
<msg time="2025-05-21T14:20:54.877856" level="INFO">${resposta} = &lt;Response [201]&gt;</msg>
<var>${resposta}</var>
<arg>alias=ServeRest</arg>
<arg>url=/usuarios</arg>
<arg>json=${body}</arg>
<arg>expected_status=${status_code_desejado}</arg>
<doc>Sends a POST request on a previously created HTTP Session.</doc>
<status status="PASS" start="2025-05-21T14:20:54.369580" elapsed="0.508320"/>
</kw>
<kw name="Log" owner="BuiltIn">
<msg time="2025-05-21T14:20:54.878581" level="INFO">{'message': 'Cadastro realizado com sucesso', '_id': 'wElS3hps3trClpSq'}</msg>
<arg>${resposta.json()}</arg>
<doc>Logs the given message with the given level.</doc>
<status status="PASS" start="2025-05-21T14:20:54.878076" elapsed="0.000561"/>
</kw>
<if>
<branch type="IF" condition="${resposta.status_code} == 201">
<kw name="Set Test Variable" owner="BuiltIn">
<msg time="2025-05-21T14:20:54.880384" level="INFO">${ID_USUARIO} = wElS3hps3trClpSq</msg>
<arg>${ID_USUARIO}</arg>
<arg>${resposta.json()["_id"]}</arg>
<doc>Makes a variable available everywhere within the scope of the current test.</doc>
<status status="PASS" start="2025-05-21T14:20:54.879245" elapsed="0.001197"/>
</kw>
<status status="PASS" start="2025-05-21T14:20:54.878750" elapsed="0.001738"/>
</branch>
<status status="PASS" start="2025-05-21T14:20:54.878714" elapsed="0.001812"/>
</if>
<kw name="Set Test Variable" owner="BuiltIn">
<msg time="2025-05-21T14:20:54.881118" level="INFO">${RESPOSTA} = {'message': 'Cadastro realizado com sucesso', '_id': 'wElS3hps3trClpSq'}</msg>
<arg>${RESPOSTA}</arg>
<arg>${resposta.json()}</arg>
<doc>Makes a variable available everywhere within the scope of the current test.</doc>
<status status="PASS" start="2025-05-21T14:20:54.880642" elapsed="0.000530"/>
</kw>
<arg>email=${EMAIL_TESTE}</arg>
<arg>status_code_desejado=201</arg>
<status status="PASS" start="2025-05-21T14:20:54.366520" elapsed="0.514731"/>
</kw>
<kw name="Realizar Login com o usuário" owner="api_testing_login">
<kw name="Create Dictionary" owner="BuiltIn">
<msg time="2025-05-21T14:20:54.882205" level="INFO">${body} = {'email': 'yvij@emailteste.com', 'password': '1234'}</msg>
<var>${body}</var>
<arg>email=${email}</arg>
<arg>password=1234</arg>
<doc>Creates and returns a dictionary based on the given ``items``.</doc>
<status status="PASS" start="2025-05-21T14:20:54.881978" elapsed="0.000261"/>
</kw>
<kw name="POST On Session" owner="RequestsLibrary">
<msg time="2025-05-21T14:20:55.067636" level="INFO">POST Request : url=https://serverest.dev/login 
 path_url=/login 
 headers={'User-Agent': 'python-requests/2.32.3', 'Accept-Encoding': 'gzip, deflate', 'accept': 'application/json', 'Connection': 'keep-alive', 'Content-Type': 'application/json', 'Content-Length': '52'} 
 body=b'{"email": "yvij@emailteste.com", "password": "1234"}' 
 </msg>
<msg time="2025-05-21T14:20:55.067736" level="INFO">POST Response : url=https://serverest.dev/login 
 status=200, reason=OK 
 headers={'access-control-allow-origin': '*', 'x-dns-prefetch-control': 'off', 'x-frame-options': 'SAMEORIGIN', 'strict-transport-security': 'max-age=15552000; includeSubDomains', 'x-download-options': 'noopen', 'x-content-type-options': 'nosniff', 'x-xss-protection': '1; mode=block', 'content-type': 'application/json; charset=utf-8', 'x-cloud-trace-context': 'e3a39ce5ddc84b0cbc4a2db39107abe8', 'date': 'Wed, 21 May 2025 17:20:44 GMT', 'server': 'Google Frontend', 'Content-Length': '272'} 
 body={
    "message": "Login realizado com sucesso",
    "authorization": "Bearer eyJhbGciOiJIUzI1NiIsInR5cCI6IkpXVCJ9.eyJlbWFpbCI6Inl2aWpAZW1haWx0ZXN0ZS5jb20iLCJwYXNzd29yZCI6IjEyMzQiLCJpYXQiOjE3NDc4NDgwNDQsImV4cCI6MTc0Nzg0ODY0NH0.rSVNyB31266fqvhw7UcSJ6rpDocOVQI6hNEZCV714wc"
} 
 </msg>
<msg time="2025-05-21T14:20:55.067844" level="INFO">C:\Program Files\Python313\Lib\site-packages\urllib3\connectionpool.py:1097: InsecureRequestWarning: Unverified HTTPS request is being made to host 'serverest.dev'. Adding certificate verification is strongly advised. See: https://urllib3.readthedocs.io/en/latest/advanced-usage.html#tls-warnings
  warnings.warn(</msg>
<msg time="2025-05-21T14:20:55.068412" level="INFO">${resposta_login} = &lt;Response [200]&gt;</msg>
<var>${resposta_login}</var>
<arg>alias=ServeRest</arg>
<arg>url=/login</arg>
<arg>json=${body}</arg>
<arg>expected_status=${status_code_desejado}</arg>
<doc>Sends a POST request on a previously created HTTP Session.</doc>
<status status="PASS" start="2025-05-21T14:20:54.882637" elapsed="0.185821"/>
</kw>
<kw name="Set Test Variable" owner="BuiltIn">
<msg time="2025-05-21T14:20:55.069212" level="INFO">${RESPOSTA_LOGIN} = {'message': 'Login realizado com sucesso', 'authorization': 'Bearer eyJhbGciOiJIUzI1NiIsInR5cCI6IkpXVCJ9.eyJlbWFpbCI6Inl2aWpAZW1haWx0ZXN0ZS5jb20iLCJwYXNzd29yZCI6IjEyMzQiLCJpYXQiOjE3NDc4NDgwNDQsImV4cCI...</msg>
<arg>${RESPOSTA_LOGIN}</arg>
<arg>${resposta_login.json()}</arg>
<doc>Makes a variable available everywhere within the scope of the current test.</doc>
<status status="PASS" start="2025-05-21T14:20:55.068658" elapsed="0.000612"/>
</kw>
<arg>email=${EMAIL_TESTE}</arg>
<arg>status_code_desejado=200</arg>
<status status="PASS" start="2025-05-21T14:20:54.881597" elapsed="0.187749"/>
</kw>
<kw name="Conferir se o Login ocorreu com sucesso" owner="api_testing_login">
<kw name="Log" owner="BuiltIn">
<msg time="2025-05-21T14:20:55.070132" level="INFO">{'message': 'Login realizado com sucesso', 'authorization': 'Bearer eyJhbGciOiJIUzI1NiIsInR5cCI6IkpXVCJ9.eyJlbWFpbCI6Inl2aWpAZW1haWx0ZXN0ZS5jb20iLCJwYXNzd29yZCI6IjEyMzQiLCJpYXQiOjE3NDc4NDgwNDQsImV4cCI6MTc0Nzg0ODY0NH0.rSVNyB31266fqvhw7UcSJ6rpDocOVQI6hNEZCV714wc'}</msg>
<arg>${RESPOSTA_LOGIN}</arg>
<doc>Logs the given message with the given level.</doc>
<status status="PASS" start="2025-05-21T14:20:55.069991" elapsed="0.000198"/>
</kw>
<kw name="Dictionary Should Contain Item" owner="Collections">
<arg>${RESPOSTA_LOGIN}</arg>
<arg>message</arg>
<arg>Login realizado com sucesso</arg>
<doc>An item of ``key`` / ``value`` must be found in a ``dictionary``.</doc>
<status status="PASS" start="2025-05-21T14:20:55.070299" elapsed="0.000178"/>
</kw>
<kw name="Dictionary Should Contain Key" owner="Collections">
<arg>${RESPOSTA_LOGIN}</arg>
<arg>authorization</arg>
<doc>Fails if ``key`` is not found from ``dictionary``.</doc>
<status status="PASS" start="2025-05-21T14:20:55.070591" elapsed="0.000153"/>
</kw>
<status status="PASS" start="2025-05-21T14:20:55.069687" elapsed="0.001127"/>
</kw>
<status status="PASS" start="2025-05-21T14:20:54.361879" elapsed="0.709207"/>
</test>
<status status="PASS" start="2025-05-21T14:20:53.338940" elapsed="1.733258"/>
</suite>
<statistics>
<total>
<stat pass="1" fail="0" skip="0">All Tests</stat>
</total>
<tag>
</tag>
<suite>
<stat name="Api Testing Login" id="s1" pass="1" fail="0" skip="0">Api Testing Login</stat>
</suite>
</statistics>
<errors>
</errors>
</robot>
