<?xml version="1.0" encoding="UTF-8"?>
<robot generator="Robot 7.2.2 (Python 3.13.3 on win32)" generated="2025-06-05T07:12:23.490713" rpa="false" schemaversion="5">
<suite id="s1" name="Tests" source="C:\Users\maria\OneDrive\minha-pasta\Estágio\Sprint 6\Semana 12 - Challenge 03\Testes automatizados\tests">
<suite id="s1-s1" name="Carrinho" source="C:\Users\maria\OneDrive\minha-pasta\Estágio\Sprint 6\Semana 12 - Challenge 03\Testes automatizados\tests\carrinho.robot">
<kw name="Criar Sessão" owner="common" type="SETUP">
<kw name="Create Session" owner="RequestsLibrary">
<msg time="2025-06-05T07:12:27.659730" level="INFO">Creating Session using : alias=restful-serverest, url=https://serverest.dev, headers={},                     cookies={}, auth=None, timeout=None, proxies=None, verify=False,                     debug=0 </msg>
<arg>alias=restful-serverest</arg>
<arg>url=${BASE_URL}</arg>
<doc>Create Session: create a HTTP session to a server</doc>
<status status="PASS" start="2025-06-05T07:12:27.659456" elapsed="0.000532"/>
</kw>
<status status="PASS" start="2025-06-05T07:12:27.658377" elapsed="0.001752"/>
</kw>
<test id="s1-s1-t1" name="CT024 - Criar um único carrinho por usuário autenticado" line="9">
<kw name="Autenticar usuário autorizado e obter token" owner="produtos">
<kw name="Preparar massa de dados CT013" owner="variaveis_login">
<kw name="Preparar massa de dados CT001" owner="variaveis_usuarios">
<kw name="Name" owner="FakerLibrary">
<msg time="2025-06-05T07:12:27.662848" level="INFO">${nome} = Sarah Smith</msg>
<var>${nome}</var>
<doc>:example: 'John Doe'</doc>
<status status="PASS" start="2025-06-05T07:12:27.662182" elapsed="0.000726"/>
</kw>
<kw name="Company Email" owner="FakerLibrary">
<msg time="2025-06-05T07:12:27.663805" level="INFO">${email} = proberts@schmidt.com</msg>
<var>${email}</var>
<status status="PASS" start="2025-06-05T07:12:27.663067" elapsed="0.000772"/>
</kw>
<kw name="Create Dictionary" owner="BuiltIn">
<msg time="2025-06-05T07:12:27.664454" level="INFO">${body} = {'nome': 'Sarah Smith', 'email': 'proberts@schmidt.com', 'password': '12345', 'administrador': 'true'}</msg>
<var>${body}</var>
<arg>nome=${nome}</arg>
<arg>email=${email}</arg>
<arg>password=${SENHA_PADRAO}</arg>
<arg>administrador=true</arg>
<doc>Creates and returns a dictionary based on the given ``items``.</doc>
<status status="PASS" start="2025-06-05T07:12:27.663987" elapsed="0.000506"/>
</kw>
<kw name="Set Test Variable" owner="BuiltIn">
<msg time="2025-06-05T07:12:27.664867" level="INFO">${email} = proberts@schmidt.com</msg>
<arg>${email}</arg>
<doc>Makes a variable available everywhere within the scope of the current test.</doc>
<status status="PASS" start="2025-06-05T07:12:27.664647" elapsed="0.000269"/>
</kw>
<kw name="Set Test Variable" owner="BuiltIn">
<msg time="2025-06-05T07:12:27.665250" level="INFO">${body} = {'nome': 'Sarah Smith', 'email': 'proberts@schmidt.com', 'password': '12345', 'administrador': 'true'}</msg>
<arg>${body}</arg>
<doc>Makes a variable available everywhere within the scope of the current test.</doc>
<status status="PASS" start="2025-06-05T07:12:27.665049" elapsed="0.000249"/>
</kw>
<status status="PASS" start="2025-06-05T07:12:27.661879" elapsed="0.003490"/>
</kw>
<kw name="Enviar requisição POST para /usuarios" owner="usuarios">
<kw name="POST On Session" owner="RequestsLibrary">
<msg time="2025-06-05T07:12:28.160628" level="INFO">POST Request : url=https://serverest.dev/usuarios 
 path_url=/usuarios 
 headers={'User-Agent': 'python-requests/2.32.3', 'Accept-Encoding': 'gzip, deflate', 'Accept': '*/*', 'Connection': 'keep-alive', 'Content-Length': '102', 'Content-Type': 'application/json'} 
 body=b'{"nome": "Sarah Smith", "email": "proberts@schmidt.com", "password": "12345", "administrador": "true"}' 
 </msg>
<msg time="2025-06-05T07:12:28.160758" level="INFO">POST Response : url=https://serverest.dev/usuarios 
 status=201, reason=Created 
 headers={'access-control-allow-origin': '*', 'x-dns-prefetch-control': 'off', 'x-frame-options': 'SAMEORIGIN', 'strict-transport-security': 'max-age=15552000; includeSubDomains', 'x-download-options': 'noopen', 'x-content-type-options': 'nosniff', 'x-xss-protection': '1; mode=block', 'content-type': 'application/json; charset=utf-8', 'x-cloud-trace-context': 'd1ad85d631584f8449dca35151036139;o=1', 'date': 'Thu, 05 Jun 2025 10:12:24 GMT', 'server': 'Google Frontend', 'Content-Length': '82'} 
 body={
    "message": "Cadastro realizado com sucesso",
    "_id": "NpdBQXAGFlo95mZV"
} 
 </msg>
<msg time="2025-06-05T07:12:28.160838" level="INFO">C:\Program Files\Python313\Lib\site-packages\urllib3\connectionpool.py:1097: InsecureRequestWarning: Unverified HTTPS request is being made to host 'serverest.dev'. Adding certificate verification is strongly advised. See: https://urllib3.readthedocs.io/en/latest/advanced-usage.html#tls-warnings
  warnings.warn(</msg>
<msg time="2025-06-05T07:12:28.161448" level="INFO">${resposta} = &lt;Response [201]&gt;</msg>
<var>${resposta}</var>
<arg>alias=restful-serverest</arg>
<arg>url=/usuarios</arg>
<arg>json=${body}</arg>
<arg>expected_status=${STATUS_REQ}</arg>
<doc>Sends a POST request on a previously created HTTP Session.</doc>
<status status="PASS" start="2025-06-05T07:12:27.666037" elapsed="0.495478"/>
</kw>
<kw name="Set Test Variable" owner="BuiltIn">
<msg time="2025-06-05T07:12:28.162373" level="INFO">${RESPOSTA} = {'message': 'Cadastro realizado com sucesso', '_id': 'NpdBQXAGFlo95mZV'}</msg>
<arg>${RESPOSTA}</arg>
<arg>${resposta.json()}</arg>
<doc>Makes a variable available everywhere within the scope of the current test.</doc>
<status status="PASS" start="2025-06-05T07:12:28.161724" elapsed="0.000710"/>
</kw>
<kw name="Log" owner="BuiltIn">
<msg time="2025-06-05T07:12:28.162727" level="INFO">{'message': 'Cadastro realizado com sucesso', '_id': 'NpdBQXAGFlo95mZV'}</msg>
<arg>${RESPOSTA}</arg>
<doc>Logs the given message with the given level.</doc>
<status status="PASS" start="2025-06-05T07:12:28.162577" elapsed="0.000201"/>
</kw>
<kw name="Log To Console" owner="BuiltIn">
<arg>${RESPOSTA}</arg>
<doc>Logs the given message to the console.</doc>
<status status="PASS" start="2025-06-05T07:12:28.162917" elapsed="0.000372"/>
</kw>
<status status="PASS" start="2025-06-05T07:12:27.665528" elapsed="0.497874"/>
</kw>
<kw name="Create Dictionary" owner="BuiltIn">
<msg time="2025-06-05T07:12:28.163838" level="INFO">${body} = {'email': 'proberts@schmidt.com', 'password': '12345'}</msg>
<var>${body}</var>
<arg>email=${email}</arg>
<arg>password=${SENHA_PADRAO}</arg>
<doc>Creates and returns a dictionary based on the given ``items``.</doc>
<status status="PASS" start="2025-06-05T07:12:28.163561" elapsed="0.000308"/>
</kw>
<kw name="Set Test Variable" owner="BuiltIn">
<msg time="2025-06-05T07:12:28.164179" level="INFO">${body} = {'email': 'proberts@schmidt.com', 'password': '12345'}</msg>
<arg>${body}</arg>
<doc>Makes a variable available everywhere within the scope of the current test.</doc>
<status status="PASS" start="2025-06-05T07:12:28.164007" elapsed="0.000217"/>
</kw>
<status status="PASS" start="2025-06-05T07:12:27.661159" elapsed="0.503128"/>
</kw>
<kw name="Enviar requisição POST para /login" owner="login">
<kw name="POST On Session" owner="RequestsLibrary">
<msg time="2025-06-05T07:12:28.338117" level="INFO">POST Request : url=https://serverest.dev/login 
 path_url=/login 
 headers={'User-Agent': 'python-requests/2.32.3', 'Accept-Encoding': 'gzip, deflate', 'Accept': '*/*', 'Connection': 'keep-alive', 'Content-Length': '54', 'Content-Type': 'application/json'} 
 body=b'{"email": "proberts@schmidt.com", "password": "12345"}' 
 </msg>
<msg time="2025-06-05T07:12:28.338234" level="INFO">POST Response : url=https://serverest.dev/login 
 status=200, reason=OK 
 headers={'access-control-allow-origin': '*', 'x-dns-prefetch-control': 'off', 'x-frame-options': 'SAMEORIGIN', 'strict-transport-security': 'max-age=15552000; includeSubDomains', 'x-download-options': 'noopen', 'x-content-type-options': 'nosniff', 'x-xss-protection': '1; mode=block', 'content-type': 'application/json; charset=utf-8', 'x-cloud-trace-context': 'c2ba9c787c509c6f49dca3515103625b', 'date': 'Thu, 05 Jun 2025 10:12:24 GMT', 'server': 'Google Frontend', 'Content-Length': '275'} 
 body={
    "message": "Login realizado com sucesso",
    "authorization": "Bearer eyJhbGciOiJIUzI1NiIsInR5cCI6IkpXVCJ9.eyJlbWFpbCI6InByb2JlcnRzQHNjaG1pZHQuY29tIiwicGFzc3dvcmQiOiIxMjM0NSIsImlhdCI6MTc0OTExODM0NCwiZXhwIjoxNzQ5MTE4OTQ0fQ.L69zJ2eTnnlgBgbzFeSoSExoFvZgqxJUOScl1VtoY5w"
} 
 </msg>
<msg time="2025-06-05T07:12:28.338740" level="INFO">C:\Program Files\Python313\Lib\site-packages\urllib3\connectionpool.py:1097: InsecureRequestWarning: Unverified HTTPS request is being made to host 'serverest.dev'. Adding certificate verification is strongly advised. See: https://urllib3.readthedocs.io/en/latest/advanced-usage.html#tls-warnings
  warnings.warn(</msg>
<msg time="2025-06-05T07:12:28.339564" level="INFO">${resposta} = &lt;Response [200]&gt;</msg>
<var>${resposta}</var>
<arg>alias=restful-serverest</arg>
<arg>url=/login</arg>
<arg>json=${body}</arg>
<arg>expected_status=${STATUS_REQ}</arg>
<doc>Sends a POST request on a previously created HTTP Session.</doc>
<status status="PASS" start="2025-06-05T07:12:28.164737" elapsed="0.174897"/>
</kw>
<kw name="Set Test Variable" owner="BuiltIn">
<msg time="2025-06-05T07:12:28.340537" level="INFO">${RESPOSTA} = {'message': 'Login realizado com sucesso', 'authorization': 'Bearer eyJhbGciOiJIUzI1NiIsInR5cCI6IkpXVCJ9.eyJlbWFpbCI6InByb2JlcnRzQHNjaG1pZHQuY29tIiwicGFzc3dvcmQiOiIxMjM0NSIsImlhdCI6MTc0OTExODM0NCwiZXh...</msg>
<arg>${RESPOSTA}</arg>
<arg>${resposta.json()}</arg>
<doc>Makes a variable available everywhere within the scope of the current test.</doc>
<status status="PASS" start="2025-06-05T07:12:28.339863" elapsed="0.000739"/>
</kw>
<kw name="Log" owner="BuiltIn">
<msg time="2025-06-05T07:12:28.340904" level="INFO">{'message': 'Login realizado com sucesso', 'authorization': 'Bearer eyJhbGciOiJIUzI1NiIsInR5cCI6IkpXVCJ9.eyJlbWFpbCI6InByb2JlcnRzQHNjaG1pZHQuY29tIiwicGFzc3dvcmQiOiIxMjM0NSIsImlhdCI6MTc0OTExODM0NCwiZXhwIjoxNzQ5MTE4OTQ0fQ.L69zJ2eTnnlgBgbzFeSoSExoFvZgqxJUOScl1VtoY5w'}</msg>
<arg>${RESPOSTA}</arg>
<doc>Logs the given message with the given level.</doc>
<status status="PASS" start="2025-06-05T07:12:28.340749" elapsed="0.000214"/>
</kw>
<kw name="Log To Console" owner="BuiltIn">
<arg>${RESPOSTA}</arg>
<doc>Logs the given message to the console.</doc>
<status status="PASS" start="2025-06-05T07:12:28.341102" elapsed="0.000779"/>
</kw>
<status status="PASS" start="2025-06-05T07:12:28.164457" elapsed="0.177563"/>
</kw>
<kw name="Salvar Token" owner="login">
<kw name="Get From Dictionary" owner="Collections">
<msg time="2025-06-05T07:12:28.342764" level="INFO">${token} = Bearer eyJhbGciOiJIUzI1NiIsInR5cCI6IkpXVCJ9.eyJlbWFpbCI6InByb2JlcnRzQHNjaG1pZHQuY29tIiwicGFzc3dvcmQiOiIxMjM0NSIsImlhdCI6MTc0OTExODM0NCwiZXhwIjoxNzQ5MTE4OTQ0fQ.L69zJ2eTnnlgBgbzFeSoSExoFvZgqxJUOScl1VtoY...</msg>
<var>${token}</var>
<arg>${RESPOSTA}</arg>
<arg>authorization</arg>
<doc>Returns a value from the given ``dictionary`` based on the given ``key``.</doc>
<status status="PASS" start="2025-06-05T07:12:28.342557" elapsed="0.000244"/>
</kw>
<kw name="Split String" owner="String">
<msg time="2025-06-05T07:12:28.343162" level="INFO">${token_parte} = ['Bearer', 'eyJhbGciOiJIUzI1NiIsInR5cCI6IkpXVCJ9.eyJlbWFpbCI6InByb2JlcnRzQHNjaG1pZHQuY29tIiwicGFzc3dvcmQiOiIxMjM0NSIsImlhdCI6MTc0OTExODM0NCwiZXhwIjoxNzQ5MTE4OTQ0fQ.L69zJ2eTnnlgBgbzFeSoSExoFvZgqxJUOScl...</msg>
<var>${token_parte}</var>
<arg>${token}</arg>
<arg>${SPACE}</arg>
<doc>Splits the ``string`` using ``separator`` as a delimiter string.</doc>
<status status="PASS" start="2025-06-05T07:12:28.342945" elapsed="0.000252"/>
</kw>
<kw name="Set Test Variable" owner="BuiltIn">
<msg time="2025-06-05T07:12:28.343558" level="INFO">${TOKEN} = eyJhbGciOiJIUzI1NiIsInR5cCI6IkpXVCJ9.eyJlbWFpbCI6InByb2JlcnRzQHNjaG1pZHQuY29tIiwicGFzc3dvcmQiOiIxMjM0NSIsImlhdCI6MTc0OTExODM0NCwiZXhwIjoxNzQ5MTE4OTQ0fQ.L69zJ2eTnnlgBgbzFeSoSExoFvZgqxJUOScl1VtoY5w</msg>
<arg>${TOKEN}</arg>
<arg>${token_parte}[1]</arg>
<doc>Makes a variable available everywhere within the scope of the current test.</doc>
<status status="PASS" start="2025-06-05T07:12:28.343344" elapsed="0.000267"/>
</kw>
<kw name="Log" owner="BuiltIn">
<msg time="2025-06-05T07:12:28.343892" level="INFO">eyJhbGciOiJIUzI1NiIsInR5cCI6IkpXVCJ9.eyJlbWFpbCI6InByb2JlcnRzQHNjaG1pZHQuY29tIiwicGFzc3dvcmQiOiIxMjM0NSIsImlhdCI6MTc0OTExODM0NCwiZXhwIjoxNzQ5MTE4OTQ0fQ.L69zJ2eTnnlgBgbzFeSoSExoFvZgqxJUOScl1VtoY5w</msg>
<arg>${TOKEN}</arg>
<doc>Logs the given message with the given level.</doc>
<status status="PASS" start="2025-06-05T07:12:28.343755" elapsed="0.000191"/>
</kw>
<kw name="Log To Console" owner="BuiltIn">
<arg>${TOKEN}</arg>
<doc>Logs the given message to the console.</doc>
<status status="PASS" start="2025-06-05T07:12:28.344077" elapsed="0.000393"/>
</kw>
<status status="PASS" start="2025-06-05T07:12:28.342228" elapsed="0.002435"/>
</kw>
<status status="PASS" start="2025-06-05T07:12:27.660838" elapsed="0.683946"/>
</kw>
<kw name="Preparar massa de dados CT024" owner="variaveis_carrinho">
<kw name="Preparar massa de dados CT037" owner="variaveis_produtos">
<kw name="Name" owner="FakerLibrary">
<msg time="2025-06-05T07:12:28.348182" level="INFO">${nome} = Ian Cole</msg>
<var>${nome}</var>
<doc>:example: 'John Doe'</doc>
<status status="PASS" start="2025-06-05T07:12:28.346707" elapsed="0.001574"/>
</kw>
<kw name="Paragraph" owner="FakerLibrary">
<msg time="2025-06-05T07:12:28.349403" level="INFO">${descricao} = Continue wait evidence talk likely him accept. Son watch vote purpose compare worker.</msg>
<var>${descricao}</var>
<doc>Generate a paragraph.</doc>
<status status="PASS" start="2025-06-05T07:12:28.348707" elapsed="0.000794"/>
</kw>
<kw name="Random Int" owner="FakerLibrary">
<msg time="2025-06-05T07:12:28.350718" level="INFO">${preco} = 271</msg>
<var>${preco}</var>
<arg>${PRECO_MIN}</arg>
<arg>${PRECO_MAX}</arg>
<doc>Generate a random integer between two integers ``min`` and ``max`` inclusive
while observing the provided ``step`` value.</doc>
<status status="PASS" start="2025-06-05T07:12:28.349917" elapsed="0.000886"/>
</kw>
<kw name="Random Int" owner="FakerLibrary">
<msg time="2025-06-05T07:12:28.351982" level="INFO">${quantidade} = 2</msg>
<var>${quantidade}</var>
<arg>${QTD_MIN}</arg>
<arg>${QTD_MAX}</arg>
<doc>Generate a random integer between two integers ``min`` and ``max`` inclusive
while observing the provided ``step`` value.</doc>
<status status="PASS" start="2025-06-05T07:12:28.351314" elapsed="0.000761"/>
</kw>
<kw name="Create Dictionary" owner="BuiltIn">
<msg time="2025-06-05T07:12:28.353368" level="INFO">${body} = {'nome': 'Ian Cole', 'preco': 271, 'descricao': 'Continue wait evidence talk likely him accept. Son watch vote purpose compare worker.', 'quantidade': 2}</msg>
<var>${body}</var>
<arg>nome=${nome}</arg>
<arg>preco=${preco}</arg>
<arg>descricao=${descricao}</arg>
<arg>quantidade=${quantidade}</arg>
<doc>Creates and returns a dictionary based on the given ``items``.</doc>
<status status="PASS" start="2025-06-05T07:12:28.352454" elapsed="0.000996"/>
</kw>
<kw name="Create Dictionary" owner="BuiltIn">
<msg time="2025-06-05T07:12:28.354439" level="INFO">${headers} = {'Authorization': 'Bearer eyJhbGciOiJIUzI1NiIsInR5cCI6IkpXVCJ9.eyJlbWFpbCI6InByb2JlcnRzQHNjaG1pZHQuY29tIiwicGFzc3dvcmQiOiIxMjM0NSIsImlhdCI6MTc0OTExODM0NCwiZXhwIjoxNzQ5MTE4OTQ0fQ.L69zJ2eTnnlgBgbzFeSoSE...</msg>
<var>${headers}</var>
<arg>Authorization=Bearer ${TOKEN}</arg>
<doc>Creates and returns a dictionary based on the given ``items``.</doc>
<status status="PASS" start="2025-06-05T07:12:28.353847" elapsed="0.000663"/>
</kw>
<kw name="Set Test Variable" owner="BuiltIn">
<msg time="2025-06-05T07:12:28.355260" level="INFO">${body} = {'nome': 'Ian Cole', 'preco': 271, 'descricao': 'Continue wait evidence talk likely him accept. Son watch vote purpose compare worker.', 'quantidade': 2}</msg>
<arg>${body}</arg>
<doc>Makes a variable available everywhere within the scope of the current test.</doc>
<status status="PASS" start="2025-06-05T07:12:28.354843" elapsed="0.000512"/>
</kw>
<kw name="Set Test Variable" owner="BuiltIn">
<msg time="2025-06-05T07:12:28.356025" level="INFO">${headers} = {'Authorization': 'Bearer eyJhbGciOiJIUzI1NiIsInR5cCI6IkpXVCJ9.eyJlbWFpbCI6InByb2JlcnRzQHNjaG1pZHQuY29tIiwicGFzc3dvcmQiOiIxMjM0NSIsImlhdCI6MTc0OTExODM0NCwiZXhwIjoxNzQ5MTE4OTQ0fQ.L69zJ2eTnnlgBgbzFeSoSE...</msg>
<arg>${headers}</arg>
<doc>Makes a variable available everywhere within the scope of the current test.</doc>
<status status="PASS" start="2025-06-05T07:12:28.355650" elapsed="0.000500"/>
</kw>
<status status="PASS" start="2025-06-05T07:12:28.346139" elapsed="0.010430"/>
</kw>
<kw name="Enviar requisição POST para /produtos" owner="produtos">
<kw name="POST On Session" owner="RequestsLibrary">
<msg time="2025-06-05T07:12:28.539328" level="INFO">POST Request : url=https://serverest.dev/produtos 
 path_url=/produtos 
 headers={'User-Agent': 'python-requests/2.32.3', 'Accept-Encoding': 'gzip, deflate', 'Accept': '*/*', 'Connection': 'keep-alive', 'Authorization': 'Bearer eyJhbGciOiJIUzI1NiIsInR5cCI6IkpXVCJ9.eyJlbWFpbCI6InByb2JlcnRzQHNjaG1pZHQuY29tIiwicGFzc3dvcmQiOiIxMjM0NSIsImlhdCI6MTc0OTExODM0NCwiZXhwIjoxNzQ5MTE4OTQ0fQ.L69zJ2eTnnlgBgbzFeSoSExoFvZgqxJUOScl1VtoY5w', 'Content-Length': '153', 'Content-Type': 'application/json'} 
 body=b'{"nome": "Ian Cole", "preco": 271, "descricao": "Continue wait evidence talk likely him accept. Son watch vote purpose compare worker.", "quantidade": 2}' 
 </msg>
<msg time="2025-06-05T07:12:28.539532" level="INFO">POST Response : url=https://serverest.dev/produtos 
 status=201, reason=Created 
 headers={'access-control-allow-origin': '*', 'x-dns-prefetch-control': 'off', 'x-frame-options': 'SAMEORIGIN', 'strict-transport-security': 'max-age=15552000; includeSubDomains', 'x-download-options': 'noopen', 'x-content-type-options': 'nosniff', 'x-xss-protection': '1; mode=block', 'content-type': 'application/json; charset=utf-8', 'x-cloud-trace-context': 'cbcf3ade559d1c8349dca35151036ec4', 'date': 'Thu, 05 Jun 2025 10:12:24 GMT', 'server': 'Google Frontend', 'Content-Length': '82'} 
 body={
    "message": "Cadastro realizado com sucesso",
    "_id": "4xG03mlQjlwcfAf3"
} 
 </msg>
<msg time="2025-06-05T07:12:28.539728" level="INFO">C:\Program Files\Python313\Lib\site-packages\urllib3\connectionpool.py:1097: InsecureRequestWarning: Unverified HTTPS request is being made to host 'serverest.dev'. Adding certificate verification is strongly advised. See: https://urllib3.readthedocs.io/en/latest/advanced-usage.html#tls-warnings
  warnings.warn(</msg>
<msg time="2025-06-05T07:12:28.541383" level="INFO">${resposta} = &lt;Response [201]&gt;</msg>
<var>${resposta}</var>
<arg>alias=restful-serverest</arg>
<arg>url=/produtos</arg>
<arg>json=${body}</arg>
<arg>expected_status=${STATUS_REQ}</arg>
<arg>headers=${headers}</arg>
<doc>Sends a POST request on a previously created HTTP Session.</doc>
<status status="PASS" start="2025-06-05T07:12:28.357621" elapsed="0.183858"/>
</kw>
<kw name="Set Test Variable" owner="BuiltIn">
<msg time="2025-06-05T07:12:28.543295" level="INFO">${RESPOSTA} = {'message': 'Cadastro realizado com sucesso', '_id': '4xG03mlQjlwcfAf3'}</msg>
<arg>${RESPOSTA}</arg>
<arg>${resposta.json()}</arg>
<doc>Makes a variable available everywhere within the scope of the current test.</doc>
<status status="PASS" start="2025-06-05T07:12:28.541910" elapsed="0.001504"/>
</kw>
<kw name="Log" owner="BuiltIn">
<msg time="2025-06-05T07:12:28.544027" level="INFO">{'message': 'Cadastro realizado com sucesso', '_id': '4xG03mlQjlwcfAf3'}</msg>
<arg>${RESPOSTA}</arg>
<doc>Logs the given message with the given level.</doc>
<status status="PASS" start="2025-06-05T07:12:28.543741" elapsed="0.000392"/>
</kw>
<kw name="Log To Console" owner="BuiltIn">
<arg>${RESPOSTA}</arg>
<doc>Logs the given message to the console.</doc>
<status status="PASS" start="2025-06-05T07:12:28.544434" elapsed="0.000609"/>
</kw>
<status status="PASS" start="2025-06-05T07:12:28.356951" elapsed="0.188271"/>
</kw>
<kw name="Get From Dictionary" owner="Collections">
<msg time="2025-06-05T07:12:28.545894" level="INFO">${idProduto1} = 4xG03mlQjlwcfAf3</msg>
<var>${idProduto1}</var>
<arg>${RESPOSTA}</arg>
<arg>_id</arg>
<doc>Returns a value from the given ``dictionary`` based on the given ``key``.</doc>
<status status="PASS" start="2025-06-05T07:12:28.545503" elapsed="0.000455"/>
</kw>
<kw name="Get From Dictionary" owner="Collections">
<msg time="2025-06-05T07:12:28.546751" level="INFO">${qtdProduto1} = 2</msg>
<var>${qtdProduto1}</var>
<arg>${body}</arg>
<arg>quantidade</arg>
<doc>Returns a value from the given ``dictionary`` based on the given ``key``.</doc>
<status status="PASS" start="2025-06-05T07:12:28.546278" elapsed="0.000560"/>
</kw>
<kw name="Preparar massa de dados CT037" owner="variaveis_produtos">
<kw name="Name" owner="FakerLibrary">
<msg time="2025-06-05T07:12:28.549079" level="INFO">${nome} = Dr. Gloria Mitchell</msg>
<var>${nome}</var>
<doc>:example: 'John Doe'</doc>
<status status="PASS" start="2025-06-05T07:12:28.548094" elapsed="0.001064"/>
</kw>
<kw name="Paragraph" owner="FakerLibrary">
<msg time="2025-06-05T07:12:28.549993" level="INFO">${descricao} = Amount create enough home Congress those under window. Rate officer week require. Our number although purpose.</msg>
<var>${descricao}</var>
<doc>Generate a paragraph.</doc>
<status status="PASS" start="2025-06-05T07:12:28.549510" elapsed="0.000545"/>
</kw>
<kw name="Random Int" owner="FakerLibrary">
<msg time="2025-06-05T07:12:28.550870" level="INFO">${preco} = 294</msg>
<var>${preco}</var>
<arg>${PRECO_MIN}</arg>
<arg>${PRECO_MAX}</arg>
<doc>Generate a random integer between two integers ``min`` and ``max`` inclusive
while observing the provided ``step`` value.</doc>
<status status="PASS" start="2025-06-05T07:12:28.550318" elapsed="0.000621"/>
</kw>
<kw name="Random Int" owner="FakerLibrary">
<msg time="2025-06-05T07:12:28.551770" level="INFO">${quantidade} = 1</msg>
<var>${quantidade}</var>
<arg>${QTD_MIN}</arg>
<arg>${QTD_MAX}</arg>
<doc>Generate a random integer between two integers ``min`` and ``max`` inclusive
while observing the provided ``step`` value.</doc>
<status status="PASS" start="2025-06-05T07:12:28.551263" elapsed="0.000572"/>
</kw>
<kw name="Create Dictionary" owner="BuiltIn">
<msg time="2025-06-05T07:12:28.553090" level="INFO">${body} = {'nome': 'Dr. Gloria Mitchell', 'preco': 294, 'descricao': 'Amount create enough home Congress those under window. Rate officer week require. Our number although purpose.', 'quantidade': 1}</msg>
<var>${body}</var>
<arg>nome=${nome}</arg>
<arg>preco=${preco}</arg>
<arg>descricao=${descricao}</arg>
<arg>quantidade=${quantidade}</arg>
<doc>Creates and returns a dictionary based on the given ``items``.</doc>
<status status="PASS" start="2025-06-05T07:12:28.552143" elapsed="0.001013"/>
</kw>
<kw name="Create Dictionary" owner="BuiltIn">
<msg time="2025-06-05T07:12:28.553962" level="INFO">${headers} = {'Authorization': 'Bearer eyJhbGciOiJIUzI1NiIsInR5cCI6IkpXVCJ9.eyJlbWFpbCI6InByb2JlcnRzQHNjaG1pZHQuY29tIiwicGFzc3dvcmQiOiIxMjM0NSIsImlhdCI6MTc0OTExODM0NCwiZXhwIjoxNzQ5MTE4OTQ0fQ.L69zJ2eTnnlgBgbzFeSoSE...</msg>
<var>${headers}</var>
<arg>Authorization=Bearer ${TOKEN}</arg>
<doc>Creates and returns a dictionary based on the given ``items``.</doc>
<status status="PASS" start="2025-06-05T07:12:28.553495" elapsed="0.000531"/>
</kw>
<kw name="Set Test Variable" owner="BuiltIn">
<msg time="2025-06-05T07:12:28.554758" level="INFO">${body} = {'nome': 'Dr. Gloria Mitchell', 'preco': 294, 'descricao': 'Amount create enough home Congress those under window. Rate officer week require. Our number although purpose.', 'quantidade': 1}</msg>
<arg>${body}</arg>
<doc>Makes a variable available everywhere within the scope of the current test.</doc>
<status status="PASS" start="2025-06-05T07:12:28.554287" elapsed="0.000586"/>
</kw>
<kw name="Set Test Variable" owner="BuiltIn">
<msg time="2025-06-05T07:12:28.555739" level="INFO">${headers} = {'Authorization': 'Bearer eyJhbGciOiJIUzI1NiIsInR5cCI6IkpXVCJ9.eyJlbWFpbCI6InByb2JlcnRzQHNjaG1pZHQuY29tIiwicGFzc3dvcmQiOiIxMjM0NSIsImlhdCI6MTc0OTExODM0NCwiZXhwIjoxNzQ5MTE4OTQ0fQ.L69zJ2eTnnlgBgbzFeSoSE...</msg>
<arg>${headers}</arg>
<doc>Makes a variable available everywhere within the scope of the current test.</doc>
<status status="PASS" start="2025-06-05T07:12:28.555204" elapsed="0.000657"/>
</kw>
<status status="PASS" start="2025-06-05T07:12:28.547459" elapsed="0.008578"/>
</kw>
<kw name="Enviar requisição POST para /produtos" owner="produtos">
<kw name="POST On Session" owner="RequestsLibrary">
<msg time="2025-06-05T07:12:28.730612" level="INFO">POST Request : url=https://serverest.dev/produtos 
 path_url=/produtos 
 headers={'User-Agent': 'python-requests/2.32.3', 'Accept-Encoding': 'gzip, deflate', 'Accept': '*/*', 'Connection': 'keep-alive', 'Authorization': 'Bearer eyJhbGciOiJIUzI1NiIsInR5cCI6IkpXVCJ9.eyJlbWFpbCI6InByb2JlcnRzQHNjaG1pZHQuY29tIiwicGFzc3dvcmQiOiIxMjM0NSIsImlhdCI6MTc0OTExODM0NCwiZXhwIjoxNzQ5MTE4OTQ0fQ.L69zJ2eTnnlgBgbzFeSoSExoFvZgqxJUOScl1VtoY5w', 'Content-Length': '189', 'Content-Type': 'application/json'} 
 body=b'{"nome": "Dr. Gloria Mitchell", "preco": 294, "descricao": "Amount create enough home Congress those under window. Rate officer week require. Our number although purpose.", "quantidade": 1}' 
 </msg>
<msg time="2025-06-05T07:12:28.730821" level="INFO">POST Response : url=https://serverest.dev/produtos 
 status=201, reason=Created 
 headers={'access-control-allow-origin': '*', 'x-dns-prefetch-control': 'off', 'x-frame-options': 'SAMEORIGIN', 'strict-transport-security': 'max-age=15552000; includeSubDomains', 'x-download-options': 'noopen', 'x-content-type-options': 'nosniff', 'x-xss-protection': '1; mode=block', 'content-type': 'application/json; charset=utf-8', 'x-cloud-trace-context': 'da886849a02c577e49dca35151036060', 'date': 'Thu, 05 Jun 2025 10:12:24 GMT', 'server': 'Google Frontend', 'Content-Length': '82'} 
 body={
    "message": "Cadastro realizado com sucesso",
    "_id": "zj1nl5oFUAmyV64k"
} 
 </msg>
<msg time="2025-06-05T07:12:28.731026" level="INFO">C:\Program Files\Python313\Lib\site-packages\urllib3\connectionpool.py:1097: InsecureRequestWarning: Unverified HTTPS request is being made to host 'serverest.dev'. Adding certificate verification is strongly advised. See: https://urllib3.readthedocs.io/en/latest/advanced-usage.html#tls-warnings
  warnings.warn(</msg>
<msg time="2025-06-05T07:12:28.738576" level="INFO">${resposta} = &lt;Response [201]&gt;</msg>
<var>${resposta}</var>
<arg>alias=restful-serverest</arg>
<arg>url=/produtos</arg>
<arg>json=${body}</arg>
<arg>expected_status=${STATUS_REQ}</arg>
<arg>headers=${headers}</arg>
<doc>Sends a POST request on a previously created HTTP Session.</doc>
<status status="PASS" start="2025-06-05T07:12:28.557430" elapsed="0.181231"/>
</kw>
<kw name="Set Test Variable" owner="BuiltIn">
<msg time="2025-06-05T07:12:28.740571" level="INFO">${RESPOSTA} = {'message': 'Cadastro realizado com sucesso', '_id': 'zj1nl5oFUAmyV64k'}</msg>
<arg>${RESPOSTA}</arg>
<arg>${resposta.json()}</arg>
<doc>Makes a variable available everywhere within the scope of the current test.</doc>
<status status="PASS" start="2025-06-05T07:12:28.739081" elapsed="0.001643"/>
</kw>
<kw name="Log" owner="BuiltIn">
<msg time="2025-06-05T07:12:28.741572" level="INFO">{'message': 'Cadastro realizado com sucesso', '_id': 'zj1nl5oFUAmyV64k'}</msg>
<arg>${RESPOSTA}</arg>
<doc>Logs the given message with the given level.</doc>
<status status="PASS" start="2025-06-05T07:12:28.741208" elapsed="0.000548"/>
</kw>
<kw name="Log To Console" owner="BuiltIn">
<arg>${RESPOSTA}</arg>
<doc>Logs the given message to the console.</doc>
<status status="PASS" start="2025-06-05T07:12:28.742282" elapsed="0.003092"/>
</kw>
<status status="PASS" start="2025-06-05T07:12:28.556414" elapsed="0.189226"/>
</kw>
<kw name="Get From Dictionary" owner="Collections">
<msg time="2025-06-05T07:12:28.746576" level="INFO">${idProduto2} = zj1nl5oFUAmyV64k</msg>
<var>${idProduto2}</var>
<arg>${RESPOSTA}</arg>
<arg>_id</arg>
<doc>Returns a value from the given ``dictionary`` based on the given ``key``.</doc>
<status status="PASS" start="2025-06-05T07:12:28.745997" elapsed="0.000664"/>
</kw>
<kw name="Get From Dictionary" owner="Collections">
<msg time="2025-06-05T07:12:28.747670" level="INFO">${qtdProduto2} = 1</msg>
<var>${qtdProduto2}</var>
<arg>${body}</arg>
<arg>quantidade</arg>
<doc>Returns a value from the given ``dictionary`` based on the given ``key``.</doc>
<status status="PASS" start="2025-06-05T07:12:28.747170" elapsed="0.000572"/>
</kw>
<kw name="Create Dictionary" owner="BuiltIn">
<msg time="2025-06-05T07:12:28.748828" level="INFO">${produto1} = {'idProduto': '4xG03mlQjlwcfAf3', 'quantidade': 2}</msg>
<var>${produto1}</var>
<arg>idProduto=${idProduto1}</arg>
<arg>quantidade=${qtdProduto1}</arg>
<doc>Creates and returns a dictionary based on the given ``items``.</doc>
<status status="PASS" start="2025-06-05T07:12:28.748135" elapsed="0.000819"/>
</kw>
<kw name="Create Dictionary" owner="BuiltIn">
<msg time="2025-06-05T07:12:28.750337" level="INFO">${produto2} = {'idProduto': 'zj1nl5oFUAmyV64k', 'quantidade': 1}</msg>
<var>${produto2}</var>
<arg>idProduto=${idProduto2}</arg>
<arg>quantidade=${qtdProduto2}</arg>
<doc>Creates and returns a dictionary based on the given ``items``.</doc>
<status status="PASS" start="2025-06-05T07:12:28.749453" elapsed="0.000973"/>
</kw>
<kw name="Create List" owner="BuiltIn">
<msg time="2025-06-05T07:12:28.751385" level="INFO">${produtos} = [{'idProduto': '4xG03mlQjlwcfAf3', 'quantidade': 2}, {'idProduto': 'zj1nl5oFUAmyV64k', 'quantidade': 1}]</msg>
<var>${produtos}</var>
<arg>${produto1}</arg>
<arg>${produto2}</arg>
<doc>Returns a list containing given items.</doc>
<status status="PASS" start="2025-06-05T07:12:28.750917" elapsed="0.000533"/>
</kw>
<kw name="Create Dictionary" owner="BuiltIn">
<msg time="2025-06-05T07:12:28.752516" level="INFO">${body} = {'produtos': [{'idProduto': '4xG03mlQjlwcfAf3', 'quantidade': 2}, {'idProduto': 'zj1nl5oFUAmyV64k', 'quantidade': 1}]}</msg>
<var>${body}</var>
<arg>produtos=${produtos}</arg>
<doc>Creates and returns a dictionary based on the given ``items``.</doc>
<status status="PASS" start="2025-06-05T07:12:28.751839" elapsed="0.000758"/>
</kw>
<kw name="Create Dictionary" owner="BuiltIn">
<msg time="2025-06-05T07:12:28.753491" level="INFO">${headers} = {'Authorization': 'Bearer eyJhbGciOiJIUzI1NiIsInR5cCI6IkpXVCJ9.eyJlbWFpbCI6InByb2JlcnRzQHNjaG1pZHQuY29tIiwicGFzc3dvcmQiOiIxMjM0NSIsImlhdCI6MTc0OTExODM0NCwiZXhwIjoxNzQ5MTE4OTQ0fQ.L69zJ2eTnnlgBgbzFeSoSE...</msg>
<var>${headers}</var>
<arg>Authorization=Bearer ${TOKEN}</arg>
<doc>Creates and returns a dictionary based on the given ``items``.</doc>
<status status="PASS" start="2025-06-05T07:12:28.752984" elapsed="0.000581"/>
</kw>
<kw name="Set Test Variable" owner="BuiltIn">
<msg time="2025-06-05T07:12:28.754403" level="INFO">${body} = {'produtos': [{'idProduto': '4xG03mlQjlwcfAf3', 'quantidade': 2}, {'idProduto': 'zj1nl5oFUAmyV64k', 'quantidade': 1}]}</msg>
<arg>${body}</arg>
<doc>Makes a variable available everywhere within the scope of the current test.</doc>
<status status="PASS" start="2025-06-05T07:12:28.753967" elapsed="0.000541"/>
</kw>
<kw name="Set Test Variable" owner="BuiltIn">
<msg time="2025-06-05T07:12:28.755305" level="INFO">${headers} = {'Authorization': 'Bearer eyJhbGciOiJIUzI1NiIsInR5cCI6IkpXVCJ9.eyJlbWFpbCI6InByb2JlcnRzQHNjaG1pZHQuY29tIiwicGFzc3dvcmQiOiIxMjM0NSIsImlhdCI6MTc0OTExODM0NCwiZXhwIjoxNzQ5MTE4OTQ0fQ.L69zJ2eTnnlgBgbzFeSoSE...</msg>
<arg>${headers}</arg>
<doc>Makes a variable available everywhere within the scope of the current test.</doc>
<status status="PASS" start="2025-06-05T07:12:28.754884" elapsed="0.000591"/>
</kw>
<status status="PASS" start="2025-06-05T07:12:28.345449" elapsed="0.410262"/>
</kw>
<kw name="Enviar requisição POST para /carrinhos" owner="carrinho">
<kw name="POST On Session" owner="RequestsLibrary">
<msg time="2025-06-05T07:12:28.993264" level="INFO">POST Request : url=https://serverest.dev/carrinhos 
 path_url=/carrinhos 
 headers={'User-Agent': 'python-requests/2.32.3', 'Accept-Encoding': 'gzip, deflate', 'Accept': '*/*', 'Connection': 'keep-alive', 'Authorization': 'Bearer eyJhbGciOiJIUzI1NiIsInR5cCI6IkpXVCJ9.eyJlbWFpbCI6InByb2JlcnRzQHNjaG1pZHQuY29tIiwicGFzc3dvcmQiOiIxMjM0NSIsImlhdCI6MTc0OTExODM0NCwiZXhwIjoxNzQ5MTE4OTQ0fQ.L69zJ2eTnnlgBgbzFeSoSExoFvZgqxJUOScl1VtoY5w', 'Content-Length': '118', 'Content-Type': 'application/json'} 
 body=b'{"produtos": [{"idProduto": "4xG03mlQjlwcfAf3", "quantidade": 2}, {"idProduto": "zj1nl5oFUAmyV64k", "quantidade": 1}]}' 
 </msg>
<msg time="2025-06-05T07:12:28.993611" level="INFO">POST Response : url=https://serverest.dev/carrinhos 
 status=201, reason=Created 
 headers={'access-control-allow-origin': '*', 'x-dns-prefetch-control': 'off', 'x-frame-options': 'SAMEORIGIN', 'strict-transport-security': 'max-age=15552000; includeSubDomains', 'x-download-options': 'noopen', 'x-content-type-options': 'nosniff', 'x-xss-protection': '1; mode=block', 'content-type': 'application/json; charset=utf-8', 'x-cloud-trace-context': 'ab020d1b77c356e349dca351510368de', 'date': 'Thu, 05 Jun 2025 10:12:25 GMT', 'server': 'Google Frontend', 'Content-Length': '82'} 
 body={
    "message": "Cadastro realizado com sucesso",
    "_id": "9ZNVRZrudQw6aT1d"
} 
 </msg>
<msg time="2025-06-05T07:12:28.993829" level="INFO">C:\Program Files\Python313\Lib\site-packages\urllib3\connectionpool.py:1097: InsecureRequestWarning: Unverified HTTPS request is being made to host 'serverest.dev'. Adding certificate verification is strongly advised. See: https://urllib3.readthedocs.io/en/latest/advanced-usage.html#tls-warnings
  warnings.warn(</msg>
<msg time="2025-06-05T07:12:28.996524" level="INFO">${resposta} = &lt;Response [201]&gt;</msg>
<var>${resposta}</var>
<arg>alias=restful-serverest</arg>
<arg>url=/carrinhos</arg>
<arg>json=${body}</arg>
<arg>expected_status=${STATUS_REQ}</arg>
<arg>headers=${headers}</arg>
<doc>Sends a POST request on a previously created HTTP Session.</doc>
<status status="PASS" start="2025-06-05T07:12:28.817123" elapsed="0.179499"/>
</kw>
<kw name="Set Test Variable" owner="BuiltIn">
<msg time="2025-06-05T07:12:28.999283" level="INFO">${RESPOSTA} = {'message': 'Cadastro realizado com sucesso', '_id': '9ZNVRZrudQw6aT1d'}</msg>
<arg>${RESPOSTA}</arg>
<arg>${resposta.json()}</arg>
<doc>Makes a variable available everywhere within the scope of the current test.</doc>
<status status="PASS" start="2025-06-05T07:12:28.997220" elapsed="0.002205"/>
</kw>
<kw name="Log" owner="BuiltIn">
<msg time="2025-06-05T07:12:29.000209" level="INFO">{'message': 'Cadastro realizado com sucesso', '_id': '9ZNVRZrudQw6aT1d'}</msg>
<arg>${RESPOSTA}</arg>
<doc>Logs the given message with the given level.</doc>
<status status="PASS" start="2025-06-05T07:12:28.999820" elapsed="0.000550"/>
</kw>
<kw name="Log To Console" owner="BuiltIn">
<arg>${RESPOSTA}</arg>
<doc>Logs the given message to the console.</doc>
<status status="PASS" start="2025-06-05T07:12:29.000851" elapsed="0.000759"/>
</kw>
<status status="PASS" start="2025-06-05T07:12:28.816224" elapsed="0.185566"/>
</kw>
<kw name="Validar que o código response" owner="common">
<kw name="Status Should Be" owner="RequestsLibrary">
<arg>${status_sucesso}</arg>
<doc>Fails if response status code is different than the expected.</doc>
<status status="PASS" start="2025-06-05T07:12:29.004567" elapsed="0.000352"/>
</kw>
<arg>201</arg>
<status status="PASS" start="2025-06-05T07:12:29.003810" elapsed="0.001265"/>
</kw>
<kw name="Validar que a resposta contém mensagem" owner="common">
<kw name="Dictionary Should Contain Item" owner="Collections">
<arg>${RESPOSTA}</arg>
<arg>message</arg>
<arg>${mensagem}</arg>
<doc>An item of ``key`` / ``value`` must be found in a ``dictionary``.</doc>
<status status="PASS" start="2025-06-05T07:12:29.012389" elapsed="0.000484"/>
</kw>
<arg>Cadastro realizado com sucesso</arg>
<status status="PASS" start="2025-06-05T07:12:29.011495" elapsed="0.001559"/>
</kw>
<kw name="Validar que a resposta contém" owner="common">
<kw name="Dictionary Should Contain Key" owner="Collections">
<arg>${RESPOSTA}</arg>
<arg>${key}</arg>
<doc>Fails if ``key`` is not found from ``dictionary``.</doc>
<status status="PASS" start="2025-06-05T07:12:29.015405" elapsed="0.000445"/>
</kw>
<arg>_id</arg>
<status status="PASS" start="2025-06-05T07:12:29.014453" elapsed="0.001574"/>
</kw>
<status status="PASS" start="2025-06-05T07:12:27.660209" elapsed="1.356281"/>
</test>
<test id="s1-s1-t2" name="CT030 - Concluir compra exclui o carrinho" line="17">
<kw name="Criar um carrinho" owner="carrinho">
<kw name="Autenticar usuário autorizado e obter token" owner="produtos">
<kw name="Preparar massa de dados CT013" owner="variaveis_login">
<kw name="Preparar massa de dados CT001" owner="variaveis_usuarios">
<kw name="Name" owner="FakerLibrary">
<msg time="2025-06-05T07:12:29.029165" level="INFO">${nome} = James Walker</msg>
<var>${nome}</var>
<doc>:example: 'John Doe'</doc>
<status status="PASS" start="2025-06-05T07:12:29.025074" elapsed="0.004168"/>
</kw>
<kw name="Company Email" owner="FakerLibrary">
<msg time="2025-06-05T07:12:29.031026" level="INFO">${email} = jamesvelasquez@durham.com</msg>
<var>${email}</var>
<status status="PASS" start="2025-06-05T07:12:29.029551" elapsed="0.001546"/>
</kw>
<kw name="Create Dictionary" owner="BuiltIn">
<msg time="2025-06-05T07:12:29.032205" level="INFO">${body} = {'nome': 'James Walker', 'email': 'jamesvelasquez@durham.com', 'password': '12345', 'administrador': 'true'}</msg>
<var>${body}</var>
<arg>nome=${nome}</arg>
<arg>email=${email}</arg>
<arg>password=${SENHA_PADRAO}</arg>
<arg>administrador=true</arg>
<doc>Creates and returns a dictionary based on the given ``items``.</doc>
<status status="PASS" start="2025-06-05T07:12:29.031438" elapsed="0.000835"/>
</kw>
<kw name="Set Test Variable" owner="BuiltIn">
<msg time="2025-06-05T07:12:29.033114" level="INFO">${email} = jamesvelasquez@durham.com</msg>
<arg>${email}</arg>
<doc>Makes a variable available everywhere within the scope of the current test.</doc>
<status status="PASS" start="2025-06-05T07:12:29.032639" elapsed="0.000574"/>
</kw>
<kw name="Set Test Variable" owner="BuiltIn">
<msg time="2025-06-05T07:12:29.034027" level="INFO">${body} = {'nome': 'James Walker', 'email': 'jamesvelasquez@durham.com', 'password': '12345', 'administrador': 'true'}</msg>
<arg>${body}</arg>
<doc>Makes a variable available everywhere within the scope of the current test.</doc>
<status status="PASS" start="2025-06-05T07:12:29.033524" elapsed="0.000604"/>
</kw>
<status status="PASS" start="2025-06-05T07:12:29.024376" elapsed="0.009894"/>
</kw>
<kw name="Enviar requisição POST para /usuarios" owner="usuarios">
<kw name="POST On Session" owner="RequestsLibrary">
<msg time="2025-06-05T07:12:29.224106" level="INFO">POST Request : url=https://serverest.dev/usuarios 
 path_url=/usuarios 
 headers={'User-Agent': 'python-requests/2.32.3', 'Accept-Encoding': 'gzip, deflate', 'Accept': '*/*', 'Connection': 'keep-alive', 'Content-Length': '108', 'Content-Type': 'application/json'} 
 body=b'{"nome": "James Walker", "email": "jamesvelasquez@durham.com", "password": "12345", "administrador": "true"}' 
 </msg>
<msg time="2025-06-05T07:12:29.224272" level="INFO">POST Response : url=https://serverest.dev/usuarios 
 status=201, reason=Created 
 headers={'access-control-allow-origin': '*', 'x-dns-prefetch-control': 'off', 'x-frame-options': 'SAMEORIGIN', 'strict-transport-security': 'max-age=15552000; includeSubDomains', 'x-download-options': 'noopen', 'x-content-type-options': 'nosniff', 'x-xss-protection': '1; mode=block', 'content-type': 'application/json; charset=utf-8', 'x-cloud-trace-context': 'c94be16331f6aa8b49dca351510368b8', 'date': 'Thu, 05 Jun 2025 10:12:25 GMT', 'server': 'Google Frontend', 'Content-Length': '82'} 
 body={
    "message": "Cadastro realizado com sucesso",
    "_id": "NyEZteZZDDBReY0p"
} 
 </msg>
<msg time="2025-06-05T07:12:29.224381" level="INFO">C:\Program Files\Python313\Lib\site-packages\urllib3\connectionpool.py:1097: InsecureRequestWarning: Unverified HTTPS request is being made to host 'serverest.dev'. Adding certificate verification is strongly advised. See: https://urllib3.readthedocs.io/en/latest/advanced-usage.html#tls-warnings
  warnings.warn(</msg>
<msg time="2025-06-05T07:12:29.225305" level="INFO">${resposta} = &lt;Response [201]&gt;</msg>
<var>${resposta}</var>
<arg>alias=restful-serverest</arg>
<arg>url=/usuarios</arg>
<arg>json=${body}</arg>
<arg>expected_status=${STATUS_REQ}</arg>
<doc>Sends a POST request on a previously created HTTP Session.</doc>
<status status="PASS" start="2025-06-05T07:12:29.035282" elapsed="0.190076"/>
</kw>
<kw name="Set Test Variable" owner="BuiltIn">
<msg time="2025-06-05T07:12:29.226491" level="INFO">${RESPOSTA} = {'message': 'Cadastro realizado com sucesso', '_id': 'NyEZteZZDDBReY0p'}</msg>
<arg>${RESPOSTA}</arg>
<arg>${resposta.json()}</arg>
<doc>Makes a variable available everywhere within the scope of the current test.</doc>
<status status="PASS" start="2025-06-05T07:12:29.225717" elapsed="0.000882"/>
</kw>
<kw name="Log" owner="BuiltIn">
<msg time="2025-06-05T07:12:29.227267" level="INFO">{'message': 'Cadastro realizado com sucesso', '_id': 'NyEZteZZDDBReY0p'}</msg>
<arg>${RESPOSTA}</arg>
<doc>Logs the given message with the given level.</doc>
<status status="PASS" start="2025-06-05T07:12:29.226946" elapsed="0.000466"/>
</kw>
<kw name="Log To Console" owner="BuiltIn">
<arg>${RESPOSTA}</arg>
<doc>Logs the given message to the console.</doc>
<status status="PASS" start="2025-06-05T07:12:29.227797" elapsed="0.000568"/>
</kw>
<status status="PASS" start="2025-06-05T07:12:29.034653" elapsed="0.193871"/>
</kw>
<kw name="Create Dictionary" owner="BuiltIn">
<msg time="2025-06-05T07:12:29.229103" level="INFO">${body} = {'email': 'jamesvelasquez@durham.com', 'password': '12345'}</msg>
<var>${body}</var>
<arg>email=${email}</arg>
<arg>password=${SENHA_PADRAO}</arg>
<doc>Creates and returns a dictionary based on the given ``items``.</doc>
<status status="PASS" start="2025-06-05T07:12:29.228767" elapsed="0.000375"/>
</kw>
<kw name="Set Test Variable" owner="BuiltIn">
<msg time="2025-06-05T07:12:29.229555" level="INFO">${body} = {'email': 'jamesvelasquez@durham.com', 'password': '12345'}</msg>
<arg>${body}</arg>
<doc>Makes a variable available everywhere within the scope of the current test.</doc>
<status status="PASS" start="2025-06-05T07:12:29.229324" elapsed="0.000288"/>
</kw>
<status status="PASS" start="2025-06-05T07:12:29.023511" elapsed="0.206179"/>
</kw>
<kw name="Enviar requisição POST para /login" owner="login">
<kw name="POST On Session" owner="RequestsLibrary">
<msg time="2025-06-05T07:12:29.414872" level="INFO">POST Request : url=https://serverest.dev/login 
 path_url=/login 
 headers={'User-Agent': 'python-requests/2.32.3', 'Accept-Encoding': 'gzip, deflate', 'Accept': '*/*', 'Connection': 'keep-alive', 'Content-Length': '59', 'Content-Type': 'application/json'} 
 body=b'{"email": "jamesvelasquez@durham.com", "password": "12345"}' 
 </msg>
<msg time="2025-06-05T07:12:29.415111" level="INFO">POST Response : url=https://serverest.dev/login 
 status=200, reason=OK 
 headers={'access-control-allow-origin': '*', 'x-dns-prefetch-control': 'off', 'x-frame-options': 'SAMEORIGIN', 'strict-transport-security': 'max-age=15552000; includeSubDomains', 'x-download-options': 'noopen', 'x-content-type-options': 'nosniff', 'x-xss-protection': '1; mode=block', 'content-type': 'application/json; charset=utf-8', 'x-cloud-trace-context': 'e475d9ef7fb6f4ec49dca35151036fee', 'date': 'Thu, 05 Jun 2025 10:12:25 GMT', 'server': 'Google Frontend', 'Content-Length': '281'} 
 body={
    "message": "Login realizado com sucesso",
    "authorization": "Bearer eyJhbGciOiJIUzI1NiIsInR5cCI6IkpXVCJ9.eyJlbWFpbCI6ImphbWVzdmVsYXNxdWV6QGR1cmhhbS5jb20iLCJwYXNzd29yZCI6IjEyMzQ1IiwiaWF0IjoxNzQ5MTE4MzQ1LCJleHAiOjE3NDkxMTg5NDV9.E4jqmPONkNzHsa_d8dw8qxt-Rk9w5OFGcCAAGDjPjRo"
} 
 </msg>
<msg time="2025-06-05T07:12:29.415375" level="INFO">C:\Program Files\Python313\Lib\site-packages\urllib3\connectionpool.py:1097: InsecureRequestWarning: Unverified HTTPS request is being made to host 'serverest.dev'. Adding certificate verification is strongly advised. See: https://urllib3.readthedocs.io/en/latest/advanced-usage.html#tls-warnings
  warnings.warn(</msg>
<msg time="2025-06-05T07:12:29.435730" level="INFO">${resposta} = &lt;Response [200]&gt;</msg>
<var>${resposta}</var>
<arg>alias=restful-serverest</arg>
<arg>url=/login</arg>
<arg>json=${body}</arg>
<arg>expected_status=${STATUS_REQ}</arg>
<doc>Sends a POST request on a previously created HTTP Session.</doc>
<status status="PASS" start="2025-06-05T07:12:29.230232" elapsed="0.205612"/>
</kw>
<kw name="Set Test Variable" owner="BuiltIn">
<msg time="2025-06-05T07:12:29.438036" level="INFO">${RESPOSTA} = {'message': 'Login realizado com sucesso', 'authorization': 'Bearer eyJhbGciOiJIUzI1NiIsInR5cCI6IkpXVCJ9.eyJlbWFpbCI6ImphbWVzdmVsYXNxdWV6QGR1cmhhbS5jb20iLCJwYXNzd29yZCI6IjEyMzQ1IiwiaWF0IjoxNzQ5MTE4MzQ...</msg>
<arg>${RESPOSTA}</arg>
<arg>${resposta.json()}</arg>
<doc>Makes a variable available everywhere within the scope of the current test.</doc>
<status status="PASS" start="2025-06-05T07:12:29.436340" elapsed="0.001897"/>
</kw>
<kw name="Log" owner="BuiltIn">
<msg time="2025-06-05T07:12:29.439107" level="INFO">{'message': 'Login realizado com sucesso', 'authorization': 'Bearer eyJhbGciOiJIUzI1NiIsInR5cCI6IkpXVCJ9.eyJlbWFpbCI6ImphbWVzdmVsYXNxdWV6QGR1cmhhbS5jb20iLCJwYXNzd29yZCI6IjEyMzQ1IiwiaWF0IjoxNzQ5MTE4MzQ1LCJleHAiOjE3NDkxMTg5NDV9.E4jqmPONkNzHsa_d8dw8qxt-Rk9w5OFGcCAAGDjPjRo'}</msg>
<arg>${RESPOSTA}</arg>
<doc>Logs the given message with the given level.</doc>
<status status="PASS" start="2025-06-05T07:12:29.438717" elapsed="0.000578"/>
</kw>
<kw name="Log To Console" owner="BuiltIn">
<arg>${RESPOSTA}</arg>
<doc>Logs the given message to the console.</doc>
<status status="PASS" start="2025-06-05T07:12:29.439753" elapsed="0.023142"/>
</kw>
<status status="PASS" start="2025-06-05T07:12:29.229901" elapsed="0.233201"/>
</kw>
<kw name="Salvar Token" owner="login">
<kw name="Get From Dictionary" owner="Collections">
<msg time="2025-06-05T07:12:29.464753" level="INFO">${token} = Bearer eyJhbGciOiJIUzI1NiIsInR5cCI6IkpXVCJ9.eyJlbWFpbCI6ImphbWVzdmVsYXNxdWV6QGR1cmhhbS5jb20iLCJwYXNzd29yZCI6IjEyMzQ1IiwiaWF0IjoxNzQ5MTE4MzQ1LCJleHAiOjE3NDkxMTg5NDV9.E4jqmPONkNzHsa_d8dw8qxt-Rk9w5OFGcCA...</msg>
<var>${token}</var>
<arg>${RESPOSTA}</arg>
<arg>authorization</arg>
<doc>Returns a value from the given ``dictionary`` based on the given ``key``.</doc>
<status status="PASS" start="2025-06-05T07:12:29.464298" elapsed="0.000529"/>
</kw>
<kw name="Split String" owner="String">
<msg time="2025-06-05T07:12:29.465573" level="INFO">${token_parte} = ['Bearer', 'eyJhbGciOiJIUzI1NiIsInR5cCI6IkpXVCJ9.eyJlbWFpbCI6ImphbWVzdmVsYXNxdWV6QGR1cmhhbS5jb20iLCJwYXNzd29yZCI6IjEyMzQ1IiwiaWF0IjoxNzQ5MTE4MzQ1LCJleHAiOjE3NDkxMTg5NDV9.E4jqmPONkNzHsa_d8dw8qxt-Rk9w5O...</msg>
<var>${token_parte}</var>
<arg>${token}</arg>
<arg>${SPACE}</arg>
<doc>Splits the ``string`` using ``separator`` as a delimiter string.</doc>
<status status="PASS" start="2025-06-05T07:12:29.465147" elapsed="0.000495"/>
</kw>
<kw name="Set Test Variable" owner="BuiltIn">
<msg time="2025-06-05T07:12:29.466626" level="INFO">${TOKEN} = eyJhbGciOiJIUzI1NiIsInR5cCI6IkpXVCJ9.eyJlbWFpbCI6ImphbWVzdmVsYXNxdWV6QGR1cmhhbS5jb20iLCJwYXNzd29yZCI6IjEyMzQ1IiwiaWF0IjoxNzQ5MTE4MzQ1LCJleHAiOjE3NDkxMTg5NDV9.E4jqmPONkNzHsa_d8dw8qxt-Rk9w5OFGcCAAGDjPjR...</msg>
<arg>${TOKEN}</arg>
<arg>${token_parte}[1]</arg>
<doc>Makes a variable available everywhere within the scope of the current test.</doc>
<status status="PASS" start="2025-06-05T07:12:29.465963" elapsed="0.000785"/>
</kw>
<kw name="Log" owner="BuiltIn">
<msg time="2025-06-05T07:12:29.467527" level="INFO">eyJhbGciOiJIUzI1NiIsInR5cCI6IkpXVCJ9.eyJlbWFpbCI6ImphbWVzdmVsYXNxdWV6QGR1cmhhbS5jb20iLCJwYXNzd29yZCI6IjEyMzQ1IiwiaWF0IjoxNzQ5MTE4MzQ1LCJleHAiOjE3NDkxMTg5NDV9.E4jqmPONkNzHsa_d8dw8qxt-Rk9w5OFGcCAAGDjPjRo</msg>
<arg>${TOKEN}</arg>
<doc>Logs the given message with the given level.</doc>
<status status="PASS" start="2025-06-05T07:12:29.467133" elapsed="0.000565"/>
</kw>
<kw name="Log To Console" owner="BuiltIn">
<arg>${TOKEN}</arg>
<doc>Logs the given message to the console.</doc>
<status status="PASS" start="2025-06-05T07:12:29.468144" elapsed="0.004469"/>
</kw>
<status status="PASS" start="2025-06-05T07:12:29.463547" elapsed="0.009248"/>
</kw>
<status status="PASS" start="2025-06-05T07:12:29.021005" elapsed="0.451891"/>
</kw>
<kw name="Preparar massa de dados CT024" owner="variaveis_carrinho">
<kw name="Preparar massa de dados CT037" owner="variaveis_produtos">
<kw name="Name" owner="FakerLibrary">
<msg time="2025-06-05T07:12:29.475802" level="INFO">${nome} = Sharon Rodriguez</msg>
<var>${nome}</var>
<doc>:example: 'John Doe'</doc>
<status status="PASS" start="2025-06-05T07:12:29.474970" elapsed="0.001072"/>
</kw>
<kw name="Paragraph" owner="FakerLibrary">
<msg time="2025-06-05T07:12:29.483094" level="INFO">${descricao} = Better speech information standard full avoid soldier. Assume however statement responsibility former other especially.</msg>
<var>${descricao}</var>
<doc>Generate a paragraph.</doc>
<status status="PASS" start="2025-06-05T07:12:29.476356" elapsed="0.006826"/>
</kw>
<kw name="Random Int" owner="FakerLibrary">
<msg time="2025-06-05T07:12:29.486883" level="INFO">${preco} = 397</msg>
<var>${preco}</var>
<arg>${PRECO_MIN}</arg>
<arg>${PRECO_MAX}</arg>
<doc>Generate a random integer between two integers ``min`` and ``max`` inclusive
while observing the provided ``step`` value.</doc>
<status status="PASS" start="2025-06-05T07:12:29.484976" elapsed="0.001980"/>
</kw>
<kw name="Random Int" owner="FakerLibrary">
<msg time="2025-06-05T07:12:29.490808" level="INFO">${quantidade} = 7</msg>
<var>${quantidade}</var>
<arg>${QTD_MIN}</arg>
<arg>${QTD_MAX}</arg>
<doc>Generate a random integer between two integers ``min`` and ``max`` inclusive
while observing the provided ``step`` value.</doc>
<status status="PASS" start="2025-06-05T07:12:29.487869" elapsed="0.003007"/>
</kw>
<kw name="Create Dictionary" owner="BuiltIn">
<msg time="2025-06-05T07:12:29.514431" level="INFO">${body} = {'nome': 'Sharon Rodriguez', 'preco': 397, 'descricao': 'Better speech information standard full avoid soldier. Assume however statement responsibility former other especially.', 'quantidade': 7}</msg>
<var>${body}</var>
<arg>nome=${nome}</arg>
<arg>preco=${preco}</arg>
<arg>descricao=${descricao}</arg>
<arg>quantidade=${quantidade}</arg>
<doc>Creates and returns a dictionary based on the given ``items``.</doc>
<status status="PASS" start="2025-06-05T07:12:29.512192" elapsed="0.002352"/>
</kw>
<kw name="Create Dictionary" owner="BuiltIn">
<msg time="2025-06-05T07:12:29.515882" level="INFO">${headers} = {'Authorization': 'Bearer eyJhbGciOiJIUzI1NiIsInR5cCI6IkpXVCJ9.eyJlbWFpbCI6ImphbWVzdmVsYXNxdWV6QGR1cmhhbS5jb20iLCJwYXNzd29yZCI6IjEyMzQ1IiwiaWF0IjoxNzQ5MTE4MzQ1LCJleHAiOjE3NDkxMTg5NDV9.E4jqmPONkNzHsa_d...</msg>
<var>${headers}</var>
<arg>Authorization=Bearer ${TOKEN}</arg>
<doc>Creates and returns a dictionary based on the given ``items``.</doc>
<status status="PASS" start="2025-06-05T07:12:29.515144" elapsed="0.000830"/>
</kw>
<kw name="Set Test Variable" owner="BuiltIn">
<msg time="2025-06-05T07:12:29.517350" level="INFO">${body} = {'nome': 'Sharon Rodriguez', 'preco': 397, 'descricao': 'Better speech information standard full avoid soldier. Assume however statement responsibility former other especially.', 'quantidade': 7}</msg>
<arg>${body}</arg>
<doc>Makes a variable available everywhere within the scope of the current test.</doc>
<status status="PASS" start="2025-06-05T07:12:29.516341" elapsed="0.001161"/>
</kw>
<kw name="Set Test Variable" owner="BuiltIn">
<msg time="2025-06-05T07:12:29.518420" level="INFO">${headers} = {'Authorization': 'Bearer eyJhbGciOiJIUzI1NiIsInR5cCI6IkpXVCJ9.eyJlbWFpbCI6ImphbWVzdmVsYXNxdWV6QGR1cmhhbS5jb20iLCJwYXNzd29yZCI6IjEyMzQ1IiwiaWF0IjoxNzQ5MTE4MzQ1LCJleHAiOjE3NDkxMTg5NDV9.E4jqmPONkNzHsa_d...</msg>
<arg>${headers}</arg>
<doc>Makes a variable available everywhere within the scope of the current test.</doc>
<status status="PASS" start="2025-06-05T07:12:29.517857" elapsed="0.000681"/>
</kw>
<status status="PASS" start="2025-06-05T07:12:29.474348" elapsed="0.044350"/>
</kw>
<kw name="Enviar requisição POST para /produtos" owner="produtos">
<kw name="POST On Session" owner="RequestsLibrary">
<msg time="2025-06-05T07:12:29.723434" level="INFO">POST Request : url=https://serverest.dev/produtos 
 path_url=/produtos 
 headers={'User-Agent': 'python-requests/2.32.3', 'Accept-Encoding': 'gzip, deflate', 'Accept': '*/*', 'Connection': 'keep-alive', 'Authorization': 'Bearer eyJhbGciOiJIUzI1NiIsInR5cCI6IkpXVCJ9.eyJlbWFpbCI6ImphbWVzdmVsYXNxdWV6QGR1cmhhbS5jb20iLCJwYXNzd29yZCI6IjEyMzQ1IiwiaWF0IjoxNzQ5MTE4MzQ1LCJleHAiOjE3NDkxMTg5NDV9.E4jqmPONkNzHsa_d8dw8qxt-Rk9w5OFGcCAAGDjPjRo', 'Content-Length': '195', 'Content-Type': 'application/json'} 
 body=b'{"nome": "Sharon Rodriguez", "preco": 397, "descricao": "Better speech information standard full avoid soldier. Assume however statement responsibility former other especially.", "quantidade": 7}' 
 </msg>
<msg time="2025-06-05T07:12:29.723629" level="INFO">POST Response : url=https://serverest.dev/produtos 
 status=201, reason=Created 
 headers={'access-control-allow-origin': '*', 'x-dns-prefetch-control': 'off', 'x-frame-options': 'SAMEORIGIN', 'strict-transport-security': 'max-age=15552000; includeSubDomains', 'x-download-options': 'noopen', 'x-content-type-options': 'nosniff', 'x-xss-protection': '1; mode=block', 'content-type': 'application/json; charset=utf-8', 'x-cloud-trace-context': 'efaa5cee0084e74d49dca3515103602f', 'date': 'Thu, 05 Jun 2025 10:12:25 GMT', 'server': 'Google Frontend', 'Content-Length': '82'} 
 body={
    "message": "Cadastro realizado com sucesso",
    "_id": "mTJbV5lkNg0mfFOg"
} 
 </msg>
<msg time="2025-06-05T07:12:29.723813" level="INFO">C:\Program Files\Python313\Lib\site-packages\urllib3\connectionpool.py:1097: InsecureRequestWarning: Unverified HTTPS request is being made to host 'serverest.dev'. Adding certificate verification is strongly advised. See: https://urllib3.readthedocs.io/en/latest/advanced-usage.html#tls-warnings
  warnings.warn(</msg>
<msg time="2025-06-05T07:12:29.733419" level="INFO">${resposta} = &lt;Response [201]&gt;</msg>
<var>${resposta}</var>
<arg>alias=restful-serverest</arg>
<arg>url=/produtos</arg>
<arg>json=${body}</arg>
<arg>expected_status=${STATUS_REQ}</arg>
<arg>headers=${headers}</arg>
<doc>Sends a POST request on a previously created HTTP Session.</doc>
<status status="PASS" start="2025-06-05T07:12:29.519875" elapsed="0.213682"/>
</kw>
<kw name="Set Test Variable" owner="BuiltIn">
<msg time="2025-06-05T07:12:29.736593" level="INFO">${RESPOSTA} = {'message': 'Cadastro realizado com sucesso', '_id': 'mTJbV5lkNg0mfFOg'}</msg>
<arg>${RESPOSTA}</arg>
<arg>${resposta.json()}</arg>
<doc>Makes a variable available everywhere within the scope of the current test.</doc>
<status status="PASS" start="2025-06-05T07:12:29.734218" elapsed="0.002517"/>
</kw>
<kw name="Log" owner="BuiltIn">
<msg time="2025-06-05T07:12:29.737476" level="INFO">{'message': 'Cadastro realizado com sucesso', '_id': 'mTJbV5lkNg0mfFOg'}</msg>
<arg>${RESPOSTA}</arg>
<doc>Logs the given message with the given level.</doc>
<status status="PASS" start="2025-06-05T07:12:29.737112" elapsed="0.000531"/>
</kw>
<kw name="Log To Console" owner="BuiltIn">
<arg>${RESPOSTA}</arg>
<doc>Logs the given message to the console.</doc>
<status status="PASS" start="2025-06-05T07:12:29.738017" elapsed="0.003775"/>
</kw>
<status status="PASS" start="2025-06-05T07:12:29.519123" elapsed="0.222876"/>
</kw>
<kw name="Get From Dictionary" owner="Collections">
<msg time="2025-06-05T07:12:29.742774" level="INFO">${idProduto1} = mTJbV5lkNg0mfFOg</msg>
<var>${idProduto1}</var>
<arg>${RESPOSTA}</arg>
<arg>_id</arg>
<doc>Returns a value from the given ``dictionary`` based on the given ``key``.</doc>
<status status="PASS" start="2025-06-05T07:12:29.742306" elapsed="0.000536"/>
</kw>
<kw name="Get From Dictionary" owner="Collections">
<msg time="2025-06-05T07:12:29.743590" level="INFO">${qtdProduto1} = 7</msg>
<var>${qtdProduto1}</var>
<arg>${body}</arg>
<arg>quantidade</arg>
<doc>Returns a value from the given ``dictionary`` based on the given ``key``.</doc>
<status status="PASS" start="2025-06-05T07:12:29.743189" elapsed="0.000469"/>
</kw>
<kw name="Preparar massa de dados CT037" owner="variaveis_produtos">
<kw name="Name" owner="FakerLibrary">
<msg time="2025-06-05T07:12:29.745692" level="INFO">${nome} = Spencer Wang</msg>
<var>${nome}</var>
<doc>:example: 'John Doe'</doc>
<status status="PASS" start="2025-06-05T07:12:29.744858" elapsed="0.001109"/>
</kw>
<kw name="Paragraph" owner="FakerLibrary">
<msg time="2025-06-05T07:12:29.746842" level="INFO">${descricao} = Animal law growth tend remember. Stay structure would various value. Congress continue home he.</msg>
<var>${descricao}</var>
<doc>Generate a paragraph.</doc>
<status status="PASS" start="2025-06-05T07:12:29.746316" elapsed="0.000597"/>
</kw>
<kw name="Random Int" owner="FakerLibrary">
<msg time="2025-06-05T07:12:29.747811" level="INFO">${preco} = 401</msg>
<var>${preco}</var>
<arg>${PRECO_MIN}</arg>
<arg>${PRECO_MAX}</arg>
<doc>Generate a random integer between two integers ``min`` and ``max`` inclusive
while observing the provided ``step`` value.</doc>
<status status="PASS" start="2025-06-05T07:12:29.747209" elapsed="0.000674"/>
</kw>
<kw name="Random Int" owner="FakerLibrary">
<msg time="2025-06-05T07:12:29.748760" level="INFO">${quantidade} = 4</msg>
<var>${quantidade}</var>
<arg>${QTD_MIN}</arg>
<arg>${QTD_MAX}</arg>
<doc>Generate a random integer between two integers ``min`` and ``max`` inclusive
while observing the provided ``step`` value.</doc>
<status status="PASS" start="2025-06-05T07:12:29.748207" elapsed="0.000623"/>
</kw>
<kw name="Create Dictionary" owner="BuiltIn">
<msg time="2025-06-05T07:12:29.749977" level="INFO">${body} = {'nome': 'Spencer Wang', 'preco': 401, 'descricao': 'Animal law growth tend remember. Stay structure would various value. Congress continue home he.', 'quantidade': 4}</msg>
<var>${body}</var>
<arg>nome=${nome}</arg>
<arg>preco=${preco}</arg>
<arg>descricao=${descricao}</arg>
<arg>quantidade=${quantidade}</arg>
<doc>Creates and returns a dictionary based on the given ``items``.</doc>
<status status="PASS" start="2025-06-05T07:12:29.749183" elapsed="0.000864"/>
</kw>
<kw name="Create Dictionary" owner="BuiltIn">
<msg time="2025-06-05T07:12:29.750855" level="INFO">${headers} = {'Authorization': 'Bearer eyJhbGciOiJIUzI1NiIsInR5cCI6IkpXVCJ9.eyJlbWFpbCI6ImphbWVzdmVsYXNxdWV6QGR1cmhhbS5jb20iLCJwYXNzd29yZCI6IjEyMzQ1IiwiaWF0IjoxNzQ5MTE4MzQ1LCJleHAiOjE3NDkxMTg5NDV9.E4jqmPONkNzHsa_d...</msg>
<var>${headers}</var>
<arg>Authorization=Bearer ${TOKEN}</arg>
<doc>Creates and returns a dictionary based on the given ``items``.</doc>
<status status="PASS" start="2025-06-05T07:12:29.750391" elapsed="0.000539"/>
</kw>
<kw name="Set Test Variable" owner="BuiltIn">
<msg time="2025-06-05T07:12:29.751837" level="INFO">${body} = {'nome': 'Spencer Wang', 'preco': 401, 'descricao': 'Animal law growth tend remember. Stay structure would various value. Congress continue home he.', 'quantidade': 4}</msg>
<arg>${body}</arg>
<doc>Makes a variable available everywhere within the scope of the current test.</doc>
<status status="PASS" start="2025-06-05T07:12:29.751314" elapsed="0.000644"/>
</kw>
<kw name="Set Test Variable" owner="BuiltIn">
<msg time="2025-06-05T07:12:29.752708" level="INFO">${headers} = {'Authorization': 'Bearer eyJhbGciOiJIUzI1NiIsInR5cCI6IkpXVCJ9.eyJlbWFpbCI6ImphbWVzdmVsYXNxdWV6QGR1cmhhbS5jb20iLCJwYXNzd29yZCI6IjEyMzQ1IiwiaWF0IjoxNzQ5MTE4MzQ1LCJleHAiOjE3NDkxMTg5NDV9.E4jqmPONkNzHsa_d...</msg>
<arg>${headers}</arg>
<doc>Makes a variable available everywhere within the scope of the current test.</doc>
<status status="PASS" start="2025-06-05T07:12:29.752260" elapsed="0.000553"/>
</kw>
<status status="PASS" start="2025-06-05T07:12:29.744134" elapsed="0.008831"/>
</kw>
<kw name="Enviar requisição POST para /produtos" owner="produtos">
<kw name="POST On Session" owner="RequestsLibrary">
<msg time="2025-06-05T07:12:29.937118" level="INFO">POST Request : url=https://serverest.dev/produtos 
 path_url=/produtos 
 headers={'User-Agent': 'python-requests/2.32.3', 'Accept-Encoding': 'gzip, deflate', 'Accept': '*/*', 'Connection': 'keep-alive', 'Authorization': 'Bearer eyJhbGciOiJIUzI1NiIsInR5cCI6IkpXVCJ9.eyJlbWFpbCI6ImphbWVzdmVsYXNxdWV6QGR1cmhhbS5jb20iLCJwYXNzd29yZCI6IjEyMzQ1IiwiaWF0IjoxNzQ5MTE4MzQ1LCJleHAiOjE3NDkxMTg5NDV9.E4jqmPONkNzHsa_d8dw8qxt-Rk9w5OFGcCAAGDjPjRo', 'Content-Length': '167', 'Content-Type': 'application/json'} 
 body=b'{"nome": "Spencer Wang", "preco": 401, "descricao": "Animal law growth tend remember. Stay structure would various value. Congress continue home he.", "quantidade": 4}' 
 </msg>
<msg time="2025-06-05T07:12:29.937293" level="INFO">POST Response : url=https://serverest.dev/produtos 
 status=201, reason=Created 
 headers={'access-control-allow-origin': '*', 'x-dns-prefetch-control': 'off', 'x-frame-options': 'SAMEORIGIN', 'strict-transport-security': 'max-age=15552000; includeSubDomains', 'x-download-options': 'noopen', 'x-content-type-options': 'nosniff', 'x-xss-protection': '1; mode=block', 'content-type': 'application/json; charset=utf-8', 'x-cloud-trace-context': '2386ad65ee37d7b849dca35151036b3d', 'date': 'Thu, 05 Jun 2025 10:12:26 GMT', 'server': 'Google Frontend', 'Content-Length': '82'} 
 body={
    "message": "Cadastro realizado com sucesso",
    "_id": "Bsoy3JNGit2rX9L6"
} 
 </msg>
<msg time="2025-06-05T07:12:29.937457" level="INFO">C:\Program Files\Python313\Lib\site-packages\urllib3\connectionpool.py:1097: InsecureRequestWarning: Unverified HTTPS request is being made to host 'serverest.dev'. Adding certificate verification is strongly advised. See: https://urllib3.readthedocs.io/en/latest/advanced-usage.html#tls-warnings
  warnings.warn(</msg>
<msg time="2025-06-05T07:12:29.943550" level="INFO">${resposta} = &lt;Response [201]&gt;</msg>
<var>${resposta}</var>
<arg>alias=restful-serverest</arg>
<arg>url=/produtos</arg>
<arg>json=${body}</arg>
<arg>expected_status=${STATUS_REQ}</arg>
<arg>headers=${headers}</arg>
<doc>Sends a POST request on a previously created HTTP Session.</doc>
<status status="PASS" start="2025-06-05T07:12:29.754073" elapsed="0.189613"/>
</kw>
<kw name="Set Test Variable" owner="BuiltIn">
<msg time="2025-06-05T07:12:29.946729" level="INFO">${RESPOSTA} = {'message': 'Cadastro realizado com sucesso', '_id': 'Bsoy3JNGit2rX9L6'}</msg>
<arg>${RESPOSTA}</arg>
<arg>${resposta.json()}</arg>
<doc>Makes a variable available everywhere within the scope of the current test.</doc>
<status status="PASS" start="2025-06-05T07:12:29.944350" elapsed="0.002662"/>
</kw>
<kw name="Log" owner="BuiltIn">
<msg time="2025-06-05T07:12:29.947705" level="INFO">{'message': 'Cadastro realizado com sucesso', '_id': 'Bsoy3JNGit2rX9L6'}</msg>
<arg>${RESPOSTA}</arg>
<doc>Logs the given message with the given level.</doc>
<status status="PASS" start="2025-06-05T07:12:29.947387" elapsed="0.000427"/>
</kw>
<kw name="Log To Console" owner="BuiltIn">
<arg>${RESPOSTA}</arg>
<doc>Logs the given message to the console.</doc>
<status status="PASS" start="2025-06-05T07:12:29.948104" elapsed="0.006234"/>
</kw>
<status status="PASS" start="2025-06-05T07:12:29.753342" elapsed="0.201255"/>
</kw>
<kw name="Get From Dictionary" owner="Collections">
<msg time="2025-06-05T07:12:29.955376" level="INFO">${idProduto2} = Bsoy3JNGit2rX9L6</msg>
<var>${idProduto2}</var>
<arg>${RESPOSTA}</arg>
<arg>_id</arg>
<doc>Returns a value from the given ``dictionary`` based on the given ``key``.</doc>
<status status="PASS" start="2025-06-05T07:12:29.954941" elapsed="0.000501"/>
</kw>
<kw name="Get From Dictionary" owner="Collections">
<msg time="2025-06-05T07:12:29.956154" level="INFO">${qtdProduto2} = 4</msg>
<var>${qtdProduto2}</var>
<arg>${body}</arg>
<arg>quantidade</arg>
<doc>Returns a value from the given ``dictionary`` based on the given ``key``.</doc>
<status status="PASS" start="2025-06-05T07:12:29.955774" elapsed="0.000450"/>
</kw>
<kw name="Create Dictionary" owner="BuiltIn">
<msg time="2025-06-05T07:12:29.957217" level="INFO">${produto1} = {'idProduto': 'mTJbV5lkNg0mfFOg', 'quantidade': 7}</msg>
<var>${produto1}</var>
<arg>idProduto=${idProduto1}</arg>
<arg>quantidade=${qtdProduto1}</arg>
<doc>Creates and returns a dictionary based on the given ``items``.</doc>
<status status="PASS" start="2025-06-05T07:12:29.956569" elapsed="0.000714"/>
</kw>
<kw name="Create Dictionary" owner="BuiltIn">
<msg time="2025-06-05T07:12:29.958488" level="INFO">${produto2} = {'idProduto': 'Bsoy3JNGit2rX9L6', 'quantidade': 4}</msg>
<var>${produto2}</var>
<arg>idProduto=${idProduto2}</arg>
<arg>quantidade=${qtdProduto2}</arg>
<doc>Creates and returns a dictionary based on the given ``items``.</doc>
<status status="PASS" start="2025-06-05T07:12:29.957913" elapsed="0.000638"/>
</kw>
<kw name="Create List" owner="BuiltIn">
<msg time="2025-06-05T07:12:29.959648" level="INFO">${produtos} = [{'idProduto': 'mTJbV5lkNg0mfFOg', 'quantidade': 7}, {'idProduto': 'Bsoy3JNGit2rX9L6', 'quantidade': 4}]</msg>
<var>${produtos}</var>
<arg>${produto1}</arg>
<arg>${produto2}</arg>
<doc>Returns a list containing given items.</doc>
<status status="PASS" start="2025-06-05T07:12:29.959033" elapsed="0.000720"/>
</kw>
<kw name="Create Dictionary" owner="BuiltIn">
<msg time="2025-06-05T07:12:29.961112" level="INFO">${body} = {'produtos': [{'idProduto': 'mTJbV5lkNg0mfFOg', 'quantidade': 7}, {'idProduto': 'Bsoy3JNGit2rX9L6', 'quantidade': 4}]}</msg>
<var>${body}</var>
<arg>produtos=${produtos}</arg>
<doc>Creates and returns a dictionary based on the given ``items``.</doc>
<status status="PASS" start="2025-06-05T07:12:29.960292" elapsed="0.000928"/>
</kw>
<kw name="Create Dictionary" owner="BuiltIn">
<msg time="2025-06-05T07:12:29.962502" level="INFO">${headers} = {'Authorization': 'Bearer eyJhbGciOiJIUzI1NiIsInR5cCI6IkpXVCJ9.eyJlbWFpbCI6ImphbWVzdmVsYXNxdWV6QGR1cmhhbS5jb20iLCJwYXNzd29yZCI6IjEyMzQ1IiwiaWF0IjoxNzQ5MTE4MzQ1LCJleHAiOjE3NDkxMTg5NDV9.E4jqmPONkNzHsa_d...</msg>
<var>${headers}</var>
<arg>Authorization=Bearer ${TOKEN}</arg>
<doc>Creates and returns a dictionary based on the given ``items``.</doc>
<status status="PASS" start="2025-06-05T07:12:29.961746" elapsed="0.000833"/>
</kw>
<kw name="Set Test Variable" owner="BuiltIn">
<msg time="2025-06-05T07:12:29.963295" level="INFO">${body} = {'produtos': [{'idProduto': 'mTJbV5lkNg0mfFOg', 'quantidade': 7}, {'idProduto': 'Bsoy3JNGit2rX9L6', 'quantidade': 4}]}</msg>
<arg>${body}</arg>
<doc>Makes a variable available everywhere within the scope of the current test.</doc>
<status status="PASS" start="2025-06-05T07:12:29.962901" elapsed="0.000483"/>
</kw>
<kw name="Set Test Variable" owner="BuiltIn">
<msg time="2025-06-05T07:12:29.964012" level="INFO">${headers} = {'Authorization': 'Bearer eyJhbGciOiJIUzI1NiIsInR5cCI6IkpXVCJ9.eyJlbWFpbCI6ImphbWVzdmVsYXNxdWV6QGR1cmhhbS5jb20iLCJwYXNzd29yZCI6IjEyMzQ1IiwiaWF0IjoxNzQ5MTE4MzQ1LCJleHAiOjE3NDkxMTg5NDV9.E4jqmPONkNzHsa_d...</msg>
<arg>${headers}</arg>
<doc>Makes a variable available everywhere within the scope of the current test.</doc>
<status status="PASS" start="2025-06-05T07:12:29.963653" elapsed="0.000459"/>
</kw>
<status status="PASS" start="2025-06-05T07:12:29.473411" elapsed="0.490836"/>
</kw>
<kw name="Enviar requisição POST para /carrinhos" owner="carrinho">
<kw name="POST On Session" owner="RequestsLibrary">
<msg time="2025-06-05T07:12:30.152554" level="INFO">POST Request : url=https://serverest.dev/carrinhos 
 path_url=/carrinhos 
 headers={'User-Agent': 'python-requests/2.32.3', 'Accept-Encoding': 'gzip, deflate', 'Accept': '*/*', 'Connection': 'keep-alive', 'Authorization': 'Bearer eyJhbGciOiJIUzI1NiIsInR5cCI6IkpXVCJ9.eyJlbWFpbCI6ImphbWVzdmVsYXNxdWV6QGR1cmhhbS5jb20iLCJwYXNzd29yZCI6IjEyMzQ1IiwiaWF0IjoxNzQ5MTE4MzQ1LCJleHAiOjE3NDkxMTg5NDV9.E4jqmPONkNzHsa_d8dw8qxt-Rk9w5OFGcCAAGDjPjRo', 'Content-Length': '118', 'Content-Type': 'application/json'} 
 body=b'{"produtos": [{"idProduto": "mTJbV5lkNg0mfFOg", "quantidade": 7}, {"idProduto": "Bsoy3JNGit2rX9L6", "quantidade": 4}]}' 
 </msg>
<msg time="2025-06-05T07:12:30.152757" level="INFO">POST Response : url=https://serverest.dev/carrinhos 
 status=201, reason=Created 
 headers={'access-control-allow-origin': '*', 'x-dns-prefetch-control': 'off', 'x-frame-options': 'SAMEORIGIN', 'strict-transport-security': 'max-age=15552000; includeSubDomains', 'x-download-options': 'noopen', 'x-content-type-options': 'nosniff', 'x-xss-protection': '1; mode=block', 'content-type': 'application/json; charset=utf-8', 'x-cloud-trace-context': '9341fe0b98e24b8c49dca35151036f69', 'date': 'Thu, 05 Jun 2025 10:12:26 GMT', 'server': 'Google Frontend', 'Content-Length': '82'} 
 body={
    "message": "Cadastro realizado com sucesso",
    "_id": "KnL6fWV2ycI7ALZ5"
} 
 </msg>
<msg time="2025-06-05T07:12:30.153003" level="INFO">C:\Program Files\Python313\Lib\site-packages\urllib3\connectionpool.py:1097: InsecureRequestWarning: Unverified HTTPS request is being made to host 'serverest.dev'. Adding certificate verification is strongly advised. See: https://urllib3.readthedocs.io/en/latest/advanced-usage.html#tls-warnings
  warnings.warn(</msg>
<msg time="2025-06-05T07:12:30.165141" level="INFO">${resposta} = &lt;Response [201]&gt;</msg>
<var>${resposta}</var>
<arg>alias=restful-serverest</arg>
<arg>url=/carrinhos</arg>
<arg>json=${body}</arg>
<arg>expected_status=${STATUS_REQ}</arg>
<arg>headers=${headers}</arg>
<doc>Sends a POST request on a previously created HTTP Session.</doc>
<status status="PASS" start="2025-06-05T07:12:29.965375" elapsed="0.199900"/>
</kw>
<kw name="Set Test Variable" owner="BuiltIn">
<msg time="2025-06-05T07:12:30.167404" level="INFO">${RESPOSTA} = {'message': 'Cadastro realizado com sucesso', '_id': 'KnL6fWV2ycI7ALZ5'}</msg>
<arg>${RESPOSTA}</arg>
<arg>${resposta.json()}</arg>
<doc>Makes a variable available everywhere within the scope of the current test.</doc>
<status status="PASS" start="2025-06-05T07:12:30.165740" elapsed="0.001860"/>
</kw>
<kw name="Log" owner="BuiltIn">
<msg time="2025-06-05T07:12:30.168364" level="INFO">{'message': 'Cadastro realizado com sucesso', '_id': 'KnL6fWV2ycI7ALZ5'}</msg>
<arg>${RESPOSTA}</arg>
<doc>Logs the given message with the given level.</doc>
<status status="PASS" start="2025-06-05T07:12:30.168023" elapsed="0.000465"/>
</kw>
<kw name="Log To Console" owner="BuiltIn">
<arg>${RESPOSTA}</arg>
<doc>Logs the given message to the console.</doc>
<status status="PASS" start="2025-06-05T07:12:30.168816" elapsed="0.048897"/>
</kw>
<status status="PASS" start="2025-06-05T07:12:29.964624" elapsed="0.253356"/>
</kw>
<status status="PASS" start="2025-06-05T07:12:29.020112" elapsed="1.198061"/>
</kw>
<kw name="Enviar requisição DELETE para /carrinhos/concluir-compra" owner="carrinho">
<kw name="DELETE On Session" owner="RequestsLibrary">
<msg time="2025-06-05T07:12:30.410635" level="INFO">DELETE Request : url=https://serverest.dev/carrinhos/concluir-compra 
 path_url=/carrinhos/concluir-compra 
 headers={'User-Agent': 'python-requests/2.32.3', 'Accept-Encoding': 'gzip, deflate', 'Accept': '*/*', 'Connection': 'keep-alive', 'Authorization': 'Bearer eyJhbGciOiJIUzI1NiIsInR5cCI6IkpXVCJ9.eyJlbWFpbCI6ImphbWVzdmVsYXNxdWV6QGR1cmhhbS5jb20iLCJwYXNzd29yZCI6IjEyMzQ1IiwiaWF0IjoxNzQ5MTE4MzQ1LCJleHAiOjE3NDkxMTg5NDV9.E4jqmPONkNzHsa_d8dw8qxt-Rk9w5OFGcCAAGDjPjRo', 'Content-Length': '0'} 
 body=None 
 </msg>
<msg time="2025-06-05T07:12:30.410816" level="INFO">DELETE Response : url=https://serverest.dev/carrinhos/concluir-compra 
 status=200, reason=OK 
 headers={'access-control-allow-origin': '*', 'x-dns-prefetch-control': 'off', 'x-frame-options': 'SAMEORIGIN', 'strict-transport-security': 'max-age=15552000; includeSubDomains', 'x-download-options': 'noopen', 'x-content-type-options': 'nosniff', 'x-xss-protection': '1; mode=block', 'content-type': 'application/json; charset=utf-8', 'x-cloud-trace-context': '82b28c931f03a63149dca35151036395', 'date': 'Thu, 05 Jun 2025 10:12:26 GMT', 'server': 'Google Frontend', 'Content-Length': '51'} 
 body={
    "message": "Registro excluído com sucesso"
} 
 </msg>
<msg time="2025-06-05T07:12:30.410991" level="INFO">C:\Program Files\Python313\Lib\site-packages\urllib3\connectionpool.py:1097: InsecureRequestWarning: Unverified HTTPS request is being made to host 'serverest.dev'. Adding certificate verification is strongly advised. See: https://urllib3.readthedocs.io/en/latest/advanced-usage.html#tls-warnings
  warnings.warn(</msg>
<msg time="2025-06-05T07:12:30.421225" level="INFO">${resposta} = &lt;Response [200]&gt;</msg>
<var>${resposta}</var>
<arg>alias=restful-serverest</arg>
<arg>url=/carrinhos/concluir-compra</arg>
<arg>expected_status=${STATUS_REQ}</arg>
<arg>headers=${headers}</arg>
<doc>Sends a DELETE request on a previously created HTTP Session.</doc>
<status status="PASS" start="2025-06-05T07:12:30.220028" elapsed="0.201486"/>
</kw>
<kw name="Set Test Variable" owner="BuiltIn">
<msg time="2025-06-05T07:12:30.424272" level="INFO">${RESPOSTA} = {'message': 'Registro excluído com sucesso'}</msg>
<arg>${RESPOSTA}</arg>
<arg>${resposta.json()}</arg>
<doc>Makes a variable available everywhere within the scope of the current test.</doc>
<status status="PASS" start="2025-06-05T07:12:30.422123" elapsed="0.002283"/>
</kw>
<kw name="Log" owner="BuiltIn">
<msg time="2025-06-05T07:12:30.425023" level="INFO">{'message': 'Registro excluído com sucesso'}</msg>
<arg>${RESPOSTA}</arg>
<doc>Logs the given message with the given level.</doc>
<status status="PASS" start="2025-06-05T07:12:30.424729" elapsed="0.000399"/>
</kw>
<kw name="Log To Console" owner="BuiltIn">
<arg>${RESPOSTA}</arg>
<doc>Logs the given message to the console.</doc>
<status status="PASS" start="2025-06-05T07:12:30.425386" elapsed="0.000581"/>
</kw>
<status status="PASS" start="2025-06-05T07:12:30.219162" elapsed="0.206969"/>
</kw>
<kw name="Validar que o código response" owner="common">
<kw name="Status Should Be" owner="RequestsLibrary">
<arg>${status_sucesso}</arg>
<doc>Fails if response status code is different than the expected.</doc>
<status status="PASS" start="2025-06-05T07:12:30.427390" elapsed="0.000307"/>
</kw>
<arg>200</arg>
<status status="PASS" start="2025-06-05T07:12:30.426614" elapsed="0.001226"/>
</kw>
<kw name="Validar que a resposta contém mensagem" owner="common">
<kw name="Dictionary Should Contain Item" owner="Collections">
<arg>${RESPOSTA}</arg>
<arg>message</arg>
<arg>${mensagem}</arg>
<doc>An item of ``key`` / ``value`` must be found in a ``dictionary``.</doc>
<status status="PASS" start="2025-06-05T07:12:30.445205" elapsed="0.000462"/>
</kw>
<arg>Registro excluído com sucesso</arg>
<status status="PASS" start="2025-06-05T07:12:30.443969" elapsed="0.001880"/>
</kw>
<status status="PASS" start="2025-06-05T07:12:29.018797" elapsed="1.432001"/>
</test>
<test id="s1-s1-t3" name="CT031 - Cancelar compra exclui o carrinho e reabastece o estoque" line="23">
<kw name="Criar um carrinho" owner="carrinho">
<kw name="Autenticar usuário autorizado e obter token" owner="produtos">
<kw name="Preparar massa de dados CT013" owner="variaveis_login">
<kw name="Preparar massa de dados CT001" owner="variaveis_usuarios">
<kw name="Name" owner="FakerLibrary">
<msg time="2025-06-05T07:12:30.502604" level="INFO">${nome} = Wendy Potts</msg>
<var>${nome}</var>
<doc>:example: 'John Doe'</doc>
<status status="PASS" start="2025-06-05T07:12:30.501656" elapsed="0.001028"/>
</kw>
<kw name="Company Email" owner="FakerLibrary">
<msg time="2025-06-05T07:12:30.504024" level="INFO">${email} = brian67@nelson.net</msg>
<var>${email}</var>
<status status="PASS" start="2025-06-05T07:12:30.502976" elapsed="0.001131"/>
</kw>
<kw name="Create Dictionary" owner="BuiltIn">
<msg time="2025-06-05T07:12:30.505358" level="INFO">${body} = {'nome': 'Wendy Potts', 'email': 'brian67@nelson.net', 'password': '12345', 'administrador': 'true'}</msg>
<var>${body}</var>
<arg>nome=${nome}</arg>
<arg>email=${email}</arg>
<arg>password=${SENHA_PADRAO}</arg>
<arg>administrador=true</arg>
<doc>Creates and returns a dictionary based on the given ``items``.</doc>
<status status="PASS" start="2025-06-05T07:12:30.504457" elapsed="0.000982"/>
</kw>
<kw name="Set Test Variable" owner="BuiltIn">
<msg time="2025-06-05T07:12:30.506307" level="INFO">${email} = brian67@nelson.net</msg>
<arg>${email}</arg>
<doc>Makes a variable available everywhere within the scope of the current test.</doc>
<status status="PASS" start="2025-06-05T07:12:30.505822" elapsed="0.000729"/>
</kw>
<kw name="Set Test Variable" owner="BuiltIn">
<msg time="2025-06-05T07:12:30.507854" level="INFO">${body} = {'nome': 'Wendy Potts', 'email': 'brian67@nelson.net', 'password': '12345', 'administrador': 'true'}</msg>
<arg>${body}</arg>
<doc>Makes a variable available everywhere within the scope of the current test.</doc>
<status status="PASS" start="2025-06-05T07:12:30.507169" elapsed="0.000817"/>
</kw>
<status status="PASS" start="2025-06-05T07:12:30.501153" elapsed="0.006988"/>
</kw>
<kw name="Enviar requisição POST para /usuarios" owner="usuarios">
<kw name="POST On Session" owner="RequestsLibrary">
<msg time="2025-06-05T07:12:30.695584" level="INFO">POST Request : url=https://serverest.dev/usuarios 
 path_url=/usuarios 
 headers={'User-Agent': 'python-requests/2.32.3', 'Accept-Encoding': 'gzip, deflate', 'Accept': '*/*', 'Connection': 'keep-alive', 'Content-Length': '100', 'Content-Type': 'application/json'} 
 body=b'{"nome": "Wendy Potts", "email": "brian67@nelson.net", "password": "12345", "administrador": "true"}' 
 </msg>
<msg time="2025-06-05T07:12:30.695762" level="INFO">POST Response : url=https://serverest.dev/usuarios 
 status=201, reason=Created 
 headers={'access-control-allow-origin': '*', 'x-dns-prefetch-control': 'off', 'x-frame-options': 'SAMEORIGIN', 'strict-transport-security': 'max-age=15552000; includeSubDomains', 'x-download-options': 'noopen', 'x-content-type-options': 'nosniff', 'x-xss-protection': '1; mode=block', 'content-type': 'application/json; charset=utf-8', 'x-cloud-trace-context': '6bda96d391c7c35a49dca35151036970', 'date': 'Thu, 05 Jun 2025 10:12:26 GMT', 'server': 'Google Frontend', 'Content-Length': '82'} 
 body={
    "message": "Cadastro realizado com sucesso",
    "_id": "VPOsb664bmxOajGm"
} 
 </msg>
<msg time="2025-06-05T07:12:30.695924" level="INFO">C:\Program Files\Python313\Lib\site-packages\urllib3\connectionpool.py:1097: InsecureRequestWarning: Unverified HTTPS request is being made to host 'serverest.dev'. Adding certificate verification is strongly advised. See: https://urllib3.readthedocs.io/en/latest/advanced-usage.html#tls-warnings
  warnings.warn(</msg>
<msg time="2025-06-05T07:12:30.708507" level="INFO">${resposta} = &lt;Response [201]&gt;</msg>
<var>${resposta}</var>
<arg>alias=restful-serverest</arg>
<arg>url=/usuarios</arg>
<arg>json=${body}</arg>
<arg>expected_status=${STATUS_REQ}</arg>
<doc>Sends a POST request on a previously created HTTP Session.</doc>
<status status="PASS" start="2025-06-05T07:12:30.509340" elapsed="0.199299"/>
</kw>
<kw name="Set Test Variable" owner="BuiltIn">
[...]
<arg>${status_sucesso}</arg>
<doc>Fails if response status code is different than the expected.</doc>
<status status="FAIL" start="2025-06-05T07:12:40.955603" elapsed="0.004006">Url: https://serverest.dev/usuarios Expected status: 201 != 400</status>
</kw>
<arg>400</arg>
<status status="FAIL" start="2025-06-05T07:12:40.954770" elapsed="0.005209">Url: https://serverest.dev/usuarios Expected status: 201 != 400</status>
</kw>
<kw name="Validar que a resposta contém mensagem" owner="common">
<arg>Password fora do padrão aceito</arg>
<status status="NOT RUN" start="2025-06-05T07:12:41.041254" elapsed="0.000084"/>
</kw>
<status status="FAIL" start="2025-06-05T07:12:40.611515" elapsed="0.431093">Url: https://serverest.dev/usuarios Expected status: 201 != 400</status>
</test>
<test id="s1-s4-t3" name="CT005 - Criar usuário com e-mail de provedor proibido" line="23">
<kw name="Preparar massa de dados CT005" owner="variaveis_usuarios">
<kw name="Name" owner="FakerLibrary">
<msg time="2025-06-05T07:12:41.267180" level="INFO">${nome} = Kenneth Jackson</msg>
<var>${nome}</var>
<doc>:example: 'John Doe'</doc>
<status status="PASS" start="2025-06-05T07:12:41.266123" elapsed="0.001145"/>
</kw>
<kw name="Free Email" owner="FakerLibrary">
<msg time="2025-06-05T07:12:41.269108" level="INFO">${email} = adamsjacob@gmail.com</msg>
<var>${email}</var>
<status status="PASS" start="2025-06-05T07:12:41.267771" elapsed="0.001448"/>
</kw>
<kw name="Create Dictionary" owner="BuiltIn">
<msg time="2025-06-05T07:12:41.270718" level="INFO">${body} = {'nome': 'Kenneth Jackson', 'email': 'adamsjacob@gmail.com', 'password': '12345', 'administrador': 'true'}</msg>
<var>${body}</var>
<arg>nome=${nome}</arg>
<arg>email=${email}</arg>
<arg>password=${SENHA_PADRAO}</arg>
<arg>administrador=true</arg>
<doc>Creates and returns a dictionary based on the given ``items``.</doc>
<status status="PASS" start="2025-06-05T07:12:41.269694" elapsed="0.001116"/>
</kw>
<kw name="Set Test Variable" owner="BuiltIn">
<msg time="2025-06-05T07:12:41.271902" level="INFO">${body} = {'nome': 'Kenneth Jackson', 'email': 'adamsjacob@gmail.com', 'password': '12345', 'administrador': 'true'}</msg>
<arg>${body}</arg>
<doc>Makes a variable available everywhere within the scope of the current test.</doc>
<status status="PASS" start="2025-06-05T07:12:41.271311" elapsed="0.000750"/>
</kw>
<status status="PASS" start="2025-06-05T07:12:41.265519" elapsed="0.006771"/>
</kw>
<kw name="Enviar requisição POST para /usuarios" owner="usuarios">
<kw name="POST On Session" owner="RequestsLibrary">
<msg time="2025-06-05T07:12:41.457835" level="INFO">POST Request : url=https://serverest.dev/usuarios 
 path_url=/usuarios 
 headers={'User-Agent': 'python-requests/2.32.3', 'Accept-Encoding': 'gzip, deflate', 'Accept': '*/*', 'Connection': 'keep-alive', 'Content-Length': '106', 'Content-Type': 'application/json'} 
 body=b'{"nome": "Kenneth Jackson", "email": "adamsjacob@gmail.com", "password": "12345", "administrador": "true"}' 
 </msg>
<msg time="2025-06-05T07:12:41.458019" level="INFO">POST Response : url=https://serverest.dev/usuarios 
 status=201, reason=Created 
 headers={'access-control-allow-origin': '*', 'x-dns-prefetch-control': 'off', 'x-frame-options': 'SAMEORIGIN', 'strict-transport-security': 'max-age=15552000; includeSubDomains', 'x-download-options': 'noopen', 'x-content-type-options': 'nosniff', 'x-xss-protection': '1; mode=block', 'content-type': 'application/json; charset=utf-8', 'x-cloud-trace-context': 'b9f1c59324b158147a3bdf742c470b4c', 'date': 'Thu, 05 Jun 2025 10:12:37 GMT', 'server': 'Google Frontend', 'Content-Length': '82'} 
 body={
    "message": "Cadastro realizado com sucesso",
    "_id": "amiQxQm37ahWWGxq"
} 
 </msg>
<msg time="2025-06-05T07:12:41.458169" level="INFO">C:\Program Files\Python313\Lib\site-packages\urllib3\connectionpool.py:1097: InsecureRequestWarning: Unverified HTTPS request is being made to host 'serverest.dev'. Adding certificate verification is strongly advised. See: https://urllib3.readthedocs.io/en/latest/advanced-usage.html#tls-warnings
  warnings.warn(</msg>
<msg time="2025-06-05T07:12:41.466106" level="INFO">${resposta} = &lt;Response [201]&gt;</msg>
<var>${resposta}</var>
<arg>alias=restful-serverest</arg>
<arg>url=/usuarios</arg>
<arg>json=${body}</arg>
<arg>expected_status=${STATUS_REQ}</arg>
<doc>Sends a POST request on a previously created HTTP Session.</doc>
<status status="PASS" start="2025-06-05T07:12:41.277742" elapsed="0.188471"/>
</kw>
<kw name="Set Test Variable" owner="BuiltIn">
<msg time="2025-06-05T07:12:41.467895" level="INFO">${RESPOSTA} = {'message': 'Cadastro realizado com sucesso', '_id': 'amiQxQm37ahWWGxq'}</msg>
<arg>${RESPOSTA}</arg>
<arg>${resposta.json()}</arg>
<doc>Makes a variable available everywhere within the scope of the current test.</doc>
<status status="PASS" start="2025-06-05T07:12:41.466628" elapsed="0.001437"/>
</kw>
<kw name="Log" owner="BuiltIn">
<msg time="2025-06-05T07:12:41.468791" level="INFO">{'message': 'Cadastro realizado com sucesso', '_id': 'amiQxQm37ahWWGxq'}</msg>
<arg>${RESPOSTA}</arg>
<doc>Logs the given message with the given level.</doc>
<status status="PASS" start="2025-06-05T07:12:41.468432" elapsed="0.000492"/>
</kw>
<kw name="Log To Console" owner="BuiltIn">
<arg>${RESPOSTA}</arg>
<doc>Logs the given message to the console.</doc>
<status status="PASS" start="2025-06-05T07:12:41.469269" elapsed="0.016794"/>
</kw>
<status status="PASS" start="2025-06-05T07:12:41.277159" elapsed="0.209199"/>
</kw>
<kw name="Validar que o código response" owner="common">
<kw name="Status Should Be" owner="RequestsLibrary">
<msg time="2025-06-05T07:12:41.497715" level="FAIL">Url: https://serverest.dev/usuarios Expected status: 201 != 400</msg>
<arg>${status_sucesso}</arg>
<doc>Fails if response status code is different than the expected.</doc>
<status status="FAIL" start="2025-06-05T07:12:41.497221" elapsed="0.003216">Url: https://serverest.dev/usuarios Expected status: 201 != 400</status>
</kw>
<arg>400</arg>
<status status="FAIL" start="2025-06-05T07:12:41.496444" elapsed="0.004305">Url: https://serverest.dev/usuarios Expected status: 201 != 400</status>
</kw>
<kw name="Validar que a resposta contém mensagem" owner="common">
<arg>E-mail de provedor proibido</arg>
<status status="NOT RUN" start="2025-06-05T07:12:41.504895" elapsed="0.000087"/>
</kw>
<status status="FAIL" start="2025-06-05T07:12:41.059761" elapsed="0.445782">Url: https://serverest.dev/usuarios Expected status: 201 != 400</status>
</test>
<test id="s1-s4-t4" name="CT006 - Criar novo usuário com PUT (ID inexistente)" line="29">
<kw name="Preparar massa de dados CT006" owner="variaveis_usuarios">
<kw name="Name" owner="FakerLibrary">
<msg time="2025-06-05T07:12:41.631677" level="INFO">${nome} = Joyce Kelly</msg>
<var>${nome}</var>
<doc>:example: 'John Doe'</doc>
<status status="PASS" start="2025-06-05T07:12:41.630759" elapsed="0.000996"/>
</kw>
<kw name="Company Email" owner="FakerLibrary">
<msg time="2025-06-05T07:12:41.637763" level="INFO">${email} = bkelly@bowen.com</msg>
<var>${email}</var>
<status status="PASS" start="2025-06-05T07:12:41.632066" elapsed="0.005775"/>
</kw>
<kw name="Create Dictionary" owner="BuiltIn">
<msg time="2025-06-05T07:12:41.638755" level="INFO">${body} = {'nome': 'Joyce Kelly', 'email': 'bkelly@bowen.com', 'password': '12345', 'administrador': 'true'}</msg>
<var>${body}</var>
<arg>nome=${nome}</arg>
<arg>email=${email}</arg>
<arg>password=${SENHA_PADRAO}</arg>
<arg>administrador=true</arg>
<doc>Creates and returns a dictionary based on the given ``items``.</doc>
<status status="PASS" start="2025-06-05T07:12:41.638152" elapsed="0.001036"/>
</kw>
<kw name="Set Test Variable" owner="BuiltIn">
<msg time="2025-06-05T07:12:41.640184" level="INFO">${body} = {'nome': 'Joyce Kelly', 'email': 'bkelly@bowen.com', 'password': '12345', 'administrador': 'true'}</msg>
<arg>${body}</arg>
<doc>Makes a variable available everywhere within the scope of the current test.</doc>
<status status="PASS" start="2025-06-05T07:12:41.639768" elapsed="0.000521"/>
</kw>
<status status="PASS" start="2025-06-05T07:12:41.630074" elapsed="0.010353"/>
</kw>
<kw name="Enviar requisição PUT para /usuarios/_id" owner="usuarios">
<kw name="PUT On Session" owner="RequestsLibrary">
<msg time="2025-06-05T07:12:41.860440" level="INFO">PUT Request : url=https://serverest.dev/usuarios/p379fioh3id74o83 
 path_url=/usuarios/p379fioh3id74o83 
 headers={'User-Agent': 'python-requests/2.32.3', 'Accept-Encoding': 'gzip, deflate', 'Accept': '*/*', 'Connection': 'keep-alive', 'Content-Length': '98', 'Content-Type': 'application/json'} 
 body=b'{"nome": "Joyce Kelly", "email": "bkelly@bowen.com", "password": "12345", "administrador": "true"}' 
 </msg>
<msg time="2025-06-05T07:12:41.860878" level="INFO">PUT Response : url=https://serverest.dev/usuarios/p379fioh3id74o83 
 status=201, reason=Created 
 headers={'access-control-allow-origin': '*', 'x-dns-prefetch-control': 'off', 'x-frame-options': 'SAMEORIGIN', 'strict-transport-security': 'max-age=15552000; includeSubDomains', 'x-download-options': 'noopen', 'x-content-type-options': 'nosniff', 'x-xss-protection': '1; mode=block', 'content-type': 'application/json; charset=utf-8', 'x-cloud-trace-context': 'ed40325c9a3cabc97a3bdf742c4709ee', 'date': 'Thu, 05 Jun 2025 10:12:38 GMT', 'server': 'Google Frontend', 'Content-Length': '82'} 
 body={
    "message": "Cadastro realizado com sucesso",
    "_id": "5qNMPwjHqkFHKI6R"
} 
 </msg>
<msg time="2025-06-05T07:12:41.861029" level="INFO">C:\Program Files\Python313\Lib\site-packages\urllib3\connectionpool.py:1097: InsecureRequestWarning: Unverified HTTPS request is being made to host 'serverest.dev'. Adding certificate verification is strongly advised. See: https://urllib3.readthedocs.io/en/latest/advanced-usage.html#tls-warnings
  warnings.warn(</msg>
<msg time="2025-06-05T07:12:41.862185" level="INFO">${resposta} = &lt;Response [201]&gt;</msg>
<var>${resposta}</var>
<arg>alias=restful-serverest</arg>
<arg>url=/usuarios/${ID_INEXISTENTE}</arg>
<arg>json=${body}</arg>
<arg>expected_status=${STATUS_REQ}</arg>
<doc>Sends a PUT request on a previously created HTTP Session.</doc>
<status status="PASS" start="2025-06-05T07:12:41.646041" elapsed="0.216230"/>
</kw>
<kw name="Set Test Variable" owner="BuiltIn">
<msg time="2025-06-05T07:12:41.864143" level="INFO">${RESPOSTA} = {'message': 'Cadastro realizado com sucesso', '_id': '5qNMPwjHqkFHKI6R'}</msg>
<arg>${RESPOSTA}</arg>
<arg>${resposta.json()}</arg>
<doc>Makes a variable available everywhere within the scope of the current test.</doc>
<status status="PASS" start="2025-06-05T07:12:41.862791" elapsed="0.001469"/>
</kw>
<kw name="Log" owner="BuiltIn">
<msg time="2025-06-05T07:12:41.864882" level="INFO">{'message': 'Cadastro realizado com sucesso', '_id': '5qNMPwjHqkFHKI6R'}</msg>
<arg>${RESPOSTA}</arg>
<doc>Logs the given message with the given level.</doc>
<status status="PASS" start="2025-06-05T07:12:41.864578" elapsed="0.000419"/>
</kw>
<kw name="Log To Console" owner="BuiltIn">
<arg>${RESPOSTA}</arg>
<doc>Logs the given message to the console.</doc>
<status status="PASS" start="2025-06-05T07:12:41.865289" elapsed="0.000594"/>
</kw>
<status status="PASS" start="2025-06-05T07:12:41.645284" elapsed="0.220767"/>
</kw>
<kw name="Validar que o código response" owner="common">
<kw name="Status Should Be" owner="RequestsLibrary">
<arg>${status_sucesso}</arg>
<doc>Fails if response status code is different than the expected.</doc>
<status status="PASS" start="2025-06-05T07:12:41.867218" elapsed="0.000301"/>
</kw>
<arg>201</arg>
<status status="PASS" start="2025-06-05T07:12:41.866582" elapsed="0.001075"/>
</kw>
<kw name="Validar que a resposta contém mensagem" owner="common">
<kw name="Dictionary Should Contain Item" owner="Collections">
<arg>${RESPOSTA}</arg>
<arg>message</arg>
<arg>${mensagem}</arg>
<doc>An item of ``key`` / ``value`` must be found in a ``dictionary``.</doc>
<status status="PASS" start="2025-06-05T07:12:41.868635" elapsed="0.000361"/>
</kw>
<arg>Cadastro realizado com sucesso</arg>
<status status="PASS" start="2025-06-05T07:12:41.868088" elapsed="0.001058"/>
</kw>
<kw name="Validar que a resposta contém" owner="common">
<kw name="Dictionary Should Contain Key" owner="Collections">
<arg>${RESPOSTA}</arg>
<arg>${key}</arg>
<doc>Fails if ``key`` is not found from ``dictionary``.</doc>
<status status="PASS" start="2025-06-05T07:12:41.870257" elapsed="0.000401"/>
</kw>
<arg>_id</arg>
<status status="PASS" start="2025-06-05T07:12:41.869575" elapsed="0.001252"/>
</kw>
<status status="PASS" start="2025-06-05T07:12:41.629043" elapsed="0.243042"/>
</test>
<test id="s1-s4-t5" name="CT034 - Criar usuário comum com dados válidos" line="36">
<kw name="Preparar massa de dados CT034" owner="variaveis_usuarios">
<kw name="Name" owner="FakerLibrary">
<msg time="2025-06-05T07:12:41.877208" level="INFO">${nome} = Kelly Jones</msg>
<var>${nome}</var>
<doc>:example: 'John Doe'</doc>
<status status="PASS" start="2025-06-05T07:12:41.876377" elapsed="0.000913"/>
</kw>
<kw name="Company Email" owner="FakerLibrary">
<msg time="2025-06-05T07:12:41.878976" level="INFO">${email} = moorelarry@frost.com</msg>
<var>${email}</var>
<status status="PASS" start="2025-06-05T07:12:41.877618" elapsed="0.001441"/>
</kw>
<kw name="Create Dictionary" owner="BuiltIn">
<msg time="2025-06-05T07:12:41.880187" level="INFO">${body} = {'nome': 'Kelly Jones', 'email': 'moorelarry@frost.com', 'password': '12345', 'administrador': 'false'}</msg>
<var>${body}</var>
<arg>nome=${nome}</arg>
<arg>email=${email}</arg>
<arg>password=${SENHA_PADRAO}</arg>
<arg>administrador=false</arg>
<doc>Creates and returns a dictionary based on the given ``items``.</doc>
<status status="PASS" start="2025-06-05T07:12:41.879440" elapsed="0.000820"/>
</kw>
<kw name="Set Test Variable" owner="BuiltIn">
<msg time="2025-06-05T07:12:41.881031" level="INFO">${email} = moorelarry@frost.com</msg>
<arg>${email}</arg>
<doc>Makes a variable available everywhere within the scope of the current test.</doc>
<status status="PASS" start="2025-06-05T07:12:41.880630" elapsed="0.000511"/>
</kw>
<kw name="Set Test Variable" owner="BuiltIn">
<msg time="2025-06-05T07:12:41.881835" level="INFO">${body} = {'nome': 'Kelly Jones', 'email': 'moorelarry@frost.com', 'password': '12345', 'administrador': 'false'}</msg>
<arg>${body}</arg>
<doc>Makes a variable available everywhere within the scope of the current test.</doc>
<status status="PASS" start="2025-06-05T07:12:41.881449" elapsed="0.000480"/>
</kw>
<status status="PASS" start="2025-06-05T07:12:41.875777" elapsed="0.006286"/>
</kw>
<kw name="Enviar requisição POST para /usuarios" owner="usuarios">
<kw name="POST On Session" owner="RequestsLibrary">
<msg time="2025-06-05T07:12:42.066918" level="INFO">POST Request : url=https://serverest.dev/usuarios 
 path_url=/usuarios 
 headers={'User-Agent': 'python-requests/2.32.3', 'Accept-Encoding': 'gzip, deflate', 'Accept': '*/*', 'Connection': 'keep-alive', 'Content-Length': '103', 'Content-Type': 'application/json'} 
 body=b'{"nome": "Kelly Jones", "email": "moorelarry@frost.com", "password": "12345", "administrador": "false"}' 
 </msg>
<msg time="2025-06-05T07:12:42.067074" level="INFO">POST Response : url=https://serverest.dev/usuarios 
 status=201, reason=Created 
 headers={'access-control-allow-origin': '*', 'x-dns-prefetch-control': 'off', 'x-frame-options': 'SAMEORIGIN', 'strict-transport-security': 'max-age=15552000; includeSubDomains', 'x-download-options': 'noopen', 'x-content-type-options': 'nosniff', 'x-xss-protection': '1; mode=block', 'content-type': 'application/json; charset=utf-8', 'x-cloud-trace-context': 'ae94bbb8a9e8e7197a3bdf742c47030f', 'date': 'Thu, 05 Jun 2025 10:12:38 GMT', 'server': 'Google Frontend', 'Content-Length': '82'} 
 body={
    "message": "Cadastro realizado com sucesso",
    "_id": "EDcMm8Q7a03rQWNo"
} 
 </msg>
<msg time="2025-06-05T07:12:42.067219" level="INFO">C:\Program Files\Python313\Lib\site-packages\urllib3\connectionpool.py:1097: InsecureRequestWarning: Unverified HTTPS request is being made to host 'serverest.dev'. Adding certificate verification is strongly advised. See: https://urllib3.readthedocs.io/en/latest/advanced-usage.html#tls-warnings
  warnings.warn(</msg>
<msg time="2025-06-05T07:12:42.068396" level="INFO">${resposta} = &lt;Response [201]&gt;</msg>
<var>${resposta}</var>
<arg>alias=restful-serverest</arg>
<arg>url=/usuarios</arg>
<arg>json=${body}</arg>
<arg>expected_status=${STATUS_REQ}</arg>
<doc>Sends a POST request on a previously created HTTP Session.</doc>
<status status="PASS" start="2025-06-05T07:12:41.883496" elapsed="0.184981"/>
</kw>
<kw name="Set Test Variable" owner="BuiltIn">
<msg time="2025-06-05T07:12:42.070189" level="INFO">${RESPOSTA} = {'message': 'Cadastro realizado com sucesso', '_id': 'EDcMm8Q7a03rQWNo'}</msg>
<arg>${RESPOSTA}</arg>
<arg>${resposta.json()}</arg>
<doc>Makes a variable available everywhere within the scope of the current test.</doc>
<status status="PASS" start="2025-06-05T07:12:42.068877" elapsed="0.001690"/>
</kw>
<kw name="Log" owner="BuiltIn">
<msg time="2025-06-05T07:12:42.071164" level="INFO">{'message': 'Cadastro realizado com sucesso', '_id': 'EDcMm8Q7a03rQWNo'}</msg>
<arg>${RESPOSTA}</arg>
<doc>Logs the given message with the given level.</doc>
<status status="PASS" start="2025-06-05T07:12:42.070889" elapsed="0.000378"/>
</kw>
<kw name="Log To Console" owner="BuiltIn">
<arg>${RESPOSTA}</arg>
<doc>Logs the given message to the console.</doc>
<status status="PASS" start="2025-06-05T07:12:42.071554" elapsed="0.000629"/>
</kw>
<status status="PASS" start="2025-06-05T07:12:41.882843" elapsed="0.189493"/>
</kw>
<kw name="Validar que o código response" owner="common">
<kw name="Status Should Be" owner="RequestsLibrary">
<arg>${status_sucesso}</arg>
<doc>Fails if response status code is different than the expected.</doc>
<status status="PASS" start="2025-06-05T07:12:42.073702" elapsed="0.000347"/>
</kw>
<arg>201</arg>
<status status="PASS" start="2025-06-05T07:12:42.072909" elapsed="0.001301"/>
</kw>
<kw name="Validar que a resposta contém mensagem" owner="common">
<kw name="Dictionary Should Contain Item" owner="Collections">
<arg>${RESPOSTA}</arg>
<arg>message</arg>
<arg>${mensagem}</arg>
<doc>An item of ``key`` / ``value`` must be found in a ``dictionary``.</doc>
<status status="PASS" start="2025-06-05T07:12:42.076858" elapsed="0.000347"/>
</kw>
<arg>Cadastro realizado com sucesso</arg>
<status status="PASS" start="2025-06-05T07:12:42.076203" elapsed="0.001144"/>
</kw>
<kw name="Validar que a resposta contém" owner="common">
<kw name="Dictionary Should Contain Key" owner="Collections">
<arg>${RESPOSTA}</arg>
<arg>${key}</arg>
<doc>Fails if ``key`` is not found from ``dictionary``.</doc>
<status status="PASS" start="2025-06-05T07:12:42.078598" elapsed="0.000362"/>
</kw>
<arg>_id</arg>
<status status="PASS" start="2025-06-05T07:12:42.078000" elapsed="0.001107"/>
</kw>
<status status="PASS" start="2025-06-05T07:12:41.874394" elapsed="0.205098"/>
</test>
<doc>Testes para o endpoint /usuarios.</doc>
<status status="FAIL" start="2025-06-05T07:12:39.137798" elapsed="2.944526"/>
</suite>
<status status="FAIL" start="2025-06-05T07:12:23.496120" elapsed="18.590668"/>
</suite>
<statistics>
<total>
<stat pass="13" fail="4" skip="0">All Tests</stat>
</total>
<tag>
<stat pass="1" fail="0" skip="0">Alta</stat>
</tag>
<suite>
<stat name="Tests" id="s1" pass="13" fail="4" skip="0">Tests</stat>
<stat name="Carrinho" id="s1-s1" pass="2" fail="1" skip="0">Tests.Carrinho</stat>
<stat name="Login" id="s1-s2" pass="4" fail="0" skip="0">Tests.Login</stat>
<stat name="Produtos" id="s1-s3" pass="4" fail="1" skip="0">Tests.Produtos</stat>
<stat name="Usuarios" id="s1-s4" pass="3" fail="2" skip="0">Tests.Usuarios</stat>
</suite>
</statistics>
<errors>
</errors>
</robot>
